{"/Users/chris/hmcts/sscs-cor-frontend/app/client/javascript/check-cookies.ts":{"path":"/Users/chris/hmcts/sscs-cor-frontend/app/client/javascript/check-cookies.ts","statementMap":{"0":{"start":{"line":2,"column":0},"end":{"line":2,"column":62}},"1":{"start":{"line":5,"column":8},"end":{"line":5,"column":49}},"2":{"start":{"line":8,"column":18},"end":{"line":8,"column":80}},"3":{"start":{"line":11,"column":8},"end":{"line":15,"column":9}},"4":{"start":{"line":12,"column":30},"end":{"line":12,"column":40}},"5":{"start":{"line":13,"column":29},"end":{"line":13,"column":87}},"6":{"start":{"line":14,"column":12},"end":{"line":14,"column":92}},"7":{"start":{"line":16,"column":8},"end":{"line":16,"column":19}},"8":{"start":{"line":19,"column":29},"end":{"line":19,"column":72}},"9":{"start":{"line":20,"column":8},"end":{"line":25,"column":9}},"10":{"start":{"line":21,"column":12},"end":{"line":21,"column":49}},"11":{"start":{"line":24,"column":12},"end":{"line":24,"column":48}},"12":{"start":{"line":28,"column":0},"end":{"line":28,"column":36}}},"fnMap":{"0":{"name":"(anonymous_0)","decl":{"start":{"line":4,"column":4},"end":{"line":4,"column":5}},"loc":{"start":{"line":4,"column":18},"end":{"line":6,"column":5}},"line":4},"1":{"name":"(anonymous_1)","decl":{"start":{"line":7,"column":4},"end":{"line":7,"column":5}},"loc":{"start":{"line":7,"column":44},"end":{"line":17,"column":5}},"line":7},"2":{"name":"(anonymous_2)","decl":{"start":{"line":18,"column":4},"end":{"line":18,"column":5}},"loc":{"start":{"line":18,"column":35},"end":{"line":26,"column":5}},"line":18}},"branchMap":{"0":{"loc":{"start":{"line":11,"column":8},"end":{"line":15,"column":9}},"type":"if","locations":[{"start":{"line":11,"column":8},"end":{"line":15,"column":9}},{"start":{"line":11,"column":8},"end":{"line":15,"column":9}}],"line":11},"1":{"loc":{"start":{"line":20,"column":8},"end":{"line":25,"column":9}},"type":"if","locations":[{"start":{"line":20,"column":8},"end":{"line":25,"column":9}},{"start":{"line":20,"column":8},"end":{"line":25,"column":9}}],"line":20}},"s":{"0":1,"1":1,"2":2,"3":2,"4":1,"5":1,"6":1,"7":2,"8":2,"9":2,"10":1,"11":1,"12":1},"f":{"0":1,"1":2,"2":2},"b":{"0":[1,1],"1":[1,1]},"_coverageSchema":"d34fc3e6b8297bcde183f5492bcb8fcb36775295","hash":"3565cf7be8486b265183caef57722238dbbf32cf","contentHash":"1802b18519afedaf352add54098e21c6"},"/Users/chris/hmcts/sscs-cor-frontend/app/client/javascript/evidence-upload.ts":{"path":"/Users/chris/hmcts/sscs-cor-frontend/app/client/javascript/evidence-upload.ts","statementMap":{"0":{"start":{"line":2,"column":0},"end":{"line":2,"column":62}},"1":{"start":{"line":5,"column":8},"end":{"line":5,"column":61}},"2":{"start":{"line":6,"column":8},"end":{"line":6,"column":57}},"3":{"start":{"line":7,"column":8},"end":{"line":7,"column":48}},"4":{"start":{"line":8,"column":8},"end":{"line":8,"column":46}},"5":{"start":{"line":9,"column":8},"end":{"line":9,"column":66}},"6":{"start":{"line":10,"column":8},"end":{"line":10,"column":70}},"7":{"start":{"line":11,"column":8},"end":{"line":11,"column":81}},"8":{"start":{"line":12,"column":8},"end":{"line":12,"column":32}},"9":{"start":{"line":13,"column":8},"end":{"line":13,"column":35}},"10":{"start":{"line":14,"column":8},"end":{"line":14,"column":34}},"11":{"start":{"line":15,"column":8},"end":{"line":15,"column":36}},"12":{"start":{"line":18,"column":25},"end":{"line":18,"column":33}},"13":{"start":{"line":19,"column":8},"end":{"line":24,"column":9}},"14":{"start":{"line":20,"column":12},"end":{"line":20,"column":57}},"15":{"start":{"line":23,"column":12},"end":{"line":23,"column":56}},"16":{"start":{"line":27,"column":27},"end":{"line":27,"column":84}},"17":{"start":{"line":28,"column":28},"end":{"line":28,"column":58}},"18":{"start":{"line":29,"column":8},"end":{"line":29,"column":57}},"19":{"start":{"line":30,"column":8},"end":{"line":30,"column":55}},"20":{"start":{"line":31,"column":8},"end":{"line":31,"column":51}},"21":{"start":{"line":32,"column":8},"end":{"line":32,"column":75}},"22":{"start":{"line":33,"column":8},"end":{"line":33,"column":78}},"23":{"start":{"line":34,"column":8},"end":{"line":34,"column":67}},"24":{"start":{"line":35,"column":8},"end":{"line":35,"column":68}},"25":{"start":{"line":36,"column":24},"end":{"line":36,"column":65}},"26":{"start":{"line":37,"column":8},"end":{"line":37,"column":40}},"27":{"start":{"line":38,"column":27},"end":{"line":38,"column":70}},"28":{"start":{"line":39,"column":8},"end":{"line":39,"column":42}},"29":{"start":{"line":40,"column":8},"end":{"line":40,"column":50}},"30":{"start":{"line":43,"column":32},"end":{"line":43,"column":73}},"31":{"start":{"line":44,"column":8},"end":{"line":44,"column":91}},"32":{"start":{"line":45,"column":27},"end":{"line":45,"column":71}},"33":{"start":{"line":46,"column":8},"end":{"line":46,"column":74}},"34":{"start":{"line":49,"column":8},"end":{"line":49,"column":76}},"35":{"start":{"line":50,"column":32},"end":{"line":50,"column":87}},"36":{"start":{"line":51,"column":8},"end":{"line":51,"column":43}},"37":{"start":{"line":52,"column":8},"end":{"line":52,"column":68}},"38":{"start":{"line":55,"column":30},"end":{"line":55,"column":86}},"39":{"start":{"line":56,"column":28},"end":{"line":56,"column":77}},"40":{"start":{"line":57,"column":32},"end":{"line":57,"column":73}},"41":{"start":{"line":58,"column":8},"end":{"line":65,"column":9}},"42":{"start":{"line":59,"column":12},"end":{"line":59,"column":44}},"43":{"start":{"line":60,"column":12},"end":{"line":60,"column":56}},"44":{"start":{"line":63,"column":12},"end":{"line":63,"column":43}},"45":{"start":{"line":64,"column":12},"end":{"line":64,"column":57}},"46":{"start":{"line":66,"column":8},"end":{"line":66,"column":56}},"47":{"start":{"line":69,"column":29},"end":{"line":69,"column":82}},"48":{"start":{"line":70,"column":27},"end":{"line":70,"column":78}},"49":{"start":{"line":71,"column":8},"end":{"line":71,"column":60}},"50":{"start":{"line":71,"column":34},"end":{"line":71,"column":58}},"51":{"start":{"line":72,"column":8},"end":{"line":72,"column":59}},"52":{"start":{"line":72,"column":32},"end":{"line":72,"column":57}},"53":{"start":{"line":75,"column":0},"end":{"line":75,"column":40}}},"fnMap":{"0":{"name":"(anonymous_0)","decl":{"start":{"line":4,"column":4},"end":{"line":4,"column":5}},"loc":{"start":{"line":4,"column":18},"end":{"line":16,"column":5}},"line":4},"1":{"name":"(anonymous_1)","decl":{"start":{"line":17,"column":4},"end":{"line":17,"column":5}},"loc":{"start":{"line":17,"column":31},"end":{"line":25,"column":5}},"line":17},"2":{"name":"(anonymous_2)","decl":{"start":{"line":26,"column":4},"end":{"line":26,"column":5}},"loc":{"start":{"line":26,"column":17},"end":{"line":41,"column":5}},"line":26},"3":{"name":"(anonymous_3)","decl":{"start":{"line":42,"column":4},"end":{"line":42,"column":5}},"loc":{"start":{"line":42,"column":27},"end":{"line":47,"column":5}},"line":42},"4":{"name":"(anonymous_4)","decl":{"start":{"line":48,"column":4},"end":{"line":48,"column":5}},"loc":{"start":{"line":48,"column":25},"end":{"line":53,"column":5}},"line":48},"5":{"name":"(anonymous_5)","decl":{"start":{"line":54,"column":4},"end":{"line":54,"column":5}},"loc":{"start":{"line":54,"column":26},"end":{"line":67,"column":5}},"line":54},"6":{"name":"(anonymous_6)","decl":{"start":{"line":68,"column":4},"end":{"line":68,"column":5}},"loc":{"start":{"line":68,"column":23},"end":{"line":73,"column":5}},"line":68},"7":{"name":"(anonymous_7)","decl":{"start":{"line":71,"column":29},"end":{"line":71,"column":30}},"loc":{"start":{"line":71,"column":34},"end":{"line":71,"column":58}},"line":71},"8":{"name":"(anonymous_8)","decl":{"start":{"line":72,"column":27},"end":{"line":72,"column":28}},"loc":{"start":{"line":72,"column":32},"end":{"line":72,"column":57}},"line":72}},"branchMap":{"0":{"loc":{"start":{"line":19,"column":8},"end":{"line":24,"column":9}},"type":"if","locations":[{"start":{"line":19,"column":8},"end":{"line":24,"column":9}},{"start":{"line":19,"column":8},"end":{"line":24,"column":9}}],"line":19},"1":{"loc":{"start":{"line":58,"column":8},"end":{"line":65,"column":9}},"type":"if","locations":[{"start":{"line":58,"column":8},"end":{"line":65,"column":9}},{"start":{"line":58,"column":8},"end":{"line":65,"column":9}}],"line":58},"2":{"loc":{"start":{"line":58,"column":12},"end":{"line":58,"column":66}},"type":"binary-expr","locations":[{"start":{"line":58,"column":12},"end":{"line":58,"column":38}},{"start":{"line":58,"column":42},"end":{"line":58,"column":66}}],"line":58}},"s":{"0":1,"1":1,"2":1,"3":1,"4":1,"5":1,"6":1,"7":1,"8":1,"9":1,"10":1,"11":1,"12":4,"13":4,"14":2,"15":2,"16":3,"17":3,"18":3,"19":3,"20":3,"21":3,"22":3,"23":3,"24":3,"25":3,"26":3,"27":3,"28":3,"29":3,"30":1,"31":1,"32":1,"33":1,"34":1,"35":1,"36":1,"37":1,"38":4,"39":4,"40":4,"41":4,"42":2,"43":2,"44":2,"45":2,"46":4,"47":1,"48":1,"49":1,"50":2,"51":1,"52":2,"53":1},"f":{"0":1,"1":4,"2":3,"3":1,"4":1,"5":4,"6":1,"7":2,"8":2},"b":{"0":[2,2],"1":[2,2],"2":[4,3]},"_coverageSchema":"d34fc3e6b8297bcde183f5492bcb8fcb36775295","hash":"aea378de932d9a5e407d88958b2e7147724e75bb","contentHash":"eaadf2dabb46931ca3351c6e1444d013"},"/Users/chris/hmcts/sscs-cor-frontend/app/client/javascript/expanding-textbox.ts":{"path":"/Users/chris/hmcts/sscs-cor-frontend/app/client/javascript/expanding-textbox.ts","statementMap":{"0":{"start":{"line":2,"column":0},"end":{"line":2,"column":62}},"1":{"start":{"line":3,"column":22},"end":{"line":3,"column":47}},"2":{"start":{"line":5,"column":4},"end":{"line":5,"column":27}},"3":{"start":{"line":7,"column":0},"end":{"line":7,"column":20}},"4":{"start":{"line":9,"column":19},"end":{"line":9,"column":31}},"5":{"start":{"line":10,"column":4},"end":{"line":10,"column":36}},"6":{"start":{"line":11,"column":27},"end":{"line":11,"column":98}},"7":{"start":{"line":12,"column":30},"end":{"line":12,"column":104}},"8":{"start":{"line":13,"column":19},"end":{"line":13,"column":75}},"9":{"start":{"line":14,"column":4},"end":{"line":14,"column":40}},"10":{"start":{"line":16,"column":0},"end":{"line":16,"column":32}},"11":{"start":{"line":18,"column":16},"end":{"line":18,"column":65}},"12":{"start":{"line":19,"column":4},"end":{"line":21,"column":7}},"13":{"start":{"line":20,"column":8},"end":{"line":20,"column":71}},"14":{"start":{"line":20,"column":46},"end":{"line":20,"column":60}}},"fnMap":{"0":{"name":"init","decl":{"start":{"line":4,"column":9},"end":{"line":4,"column":13}},"loc":{"start":{"line":4,"column":16},"end":{"line":6,"column":1}},"line":4},"1":{"name":"autoExpand","decl":{"start":{"line":8,"column":9},"end":{"line":8,"column":19}},"loc":{"start":{"line":8,"column":27},"end":{"line":15,"column":1}},"line":8},"2":{"name":"attachEventListeners","decl":{"start":{"line":17,"column":9},"end":{"line":17,"column":29}},"loc":{"start":{"line":17,"column":32},"end":{"line":22,"column":1}},"line":17},"3":{"name":"(anonymous_3)","decl":{"start":{"line":19,"column":16},"end":{"line":19,"column":17}},"loc":{"start":{"line":19,"column":24},"end":{"line":21,"column":5}},"line":19},"4":{"name":"(anonymous_4)","decl":{"start":{"line":20,"column":37},"end":{"line":20,"column":38}},"loc":{"start":{"line":20,"column":44},"end":{"line":20,"column":62}},"line":20}},"branchMap":{},"s":{"0":1,"1":1,"2":0,"3":1,"4":1,"5":1,"6":1,"7":1,"8":1,"9":1,"10":1,"11":0,"12":0,"13":0,"14":0},"f":{"0":0,"1":1,"2":0,"3":0,"4":0},"b":{},"_coverageSchema":"d34fc3e6b8297bcde183f5492bcb8fcb36775295","hash":"d3d1ccc09638063caf3d0a6fa6050d29ebae41b1","contentHash":"add53e9b294313df28f2453b101c2965"},"/Users/chris/hmcts/sscs-cor-frontend/app/server/controllers/decision.ts":{"path":"/Users/chris/hmcts/sscs-cor-frontend/app/server/controllers/decision.ts","statementMap":{"0":{"start":{"line":2,"column":0},"end":{"line":2,"column":62}},"1":{"start":{"line":3,"column":18},"end":{"line":3,"column":36}},"2":{"start":{"line":4,"column":14},"end":{"line":4,"column":33}},"3":{"start":{"line":5,"column":20},"end":{"line":5,"column":46}},"4":{"start":{"line":7,"column":20},"end":{"line":7,"column":39}},"5":{"start":{"line":8,"column":27},"end":{"line":8,"column":113}},"6":{"start":{"line":9,"column":4},"end":{"line":11,"column":5}},"7":{"start":{"line":10,"column":8},"end":{"line":10,"column":75}},"8":{"start":{"line":12,"column":4},"end":{"line":12,"column":38}},"9":{"start":{"line":14,"column":0},"end":{"line":14,"column":34}},"10":{"start":{"line":17,"column":19},"end":{"line":17,"column":37}},"11":{"start":{"line":18,"column":4},"end":{"line":18,"column":67}},"12":{"start":{"line":19,"column":4},"end":{"line":19,"column":18}},"13":{"start":{"line":21,"column":0},"end":{"line":21,"column":58}}},"fnMap":{"0":{"name":"getDecision","decl":{"start":{"line":6,"column":9},"end":{"line":6,"column":20}},"loc":{"start":{"line":6,"column":31},"end":{"line":13,"column":1}},"line":6},"1":{"name":"setupDecisionController","decl":{"start":{"line":15,"column":9},"end":{"line":15,"column":32}},"loc":{"start":{"line":15,"column":39},"end":{"line":20,"column":1}},"line":15}},"branchMap":{"0":{"loc":{"start":{"line":9,"column":4},"end":{"line":11,"column":5}},"type":"if","locations":[{"start":{"line":9,"column":4},"end":{"line":11,"column":5}},{"start":{"line":9,"column":4},"end":{"line":11,"column":5}}],"line":9},"1":{"loc":{"start":{"line":9,"column":8},"end":{"line":9,"column":84}},"type":"binary-expr","locations":[{"start":{"line":9,"column":8},"end":{"line":9,"column":24}},{"start":{"line":9,"column":28},"end":{"line":9,"column":84}}],"line":9}},"s":{"0":1,"1":1,"2":1,"3":1,"4":4,"5":4,"6":4,"7":2,"8":2,"9":1,"10":2,"11":2,"12":2,"13":1},"f":{"0":4,"1":2},"b":{"0":[2,2],"1":[4,3]},"_coverageSchema":"d34fc3e6b8297bcde183f5492bcb8fcb36775295","hash":"62b0efb8db82e55199b103c1fb7e1409ca4d6d29","contentHash":"2102b3db962e730f9f9505b1b9493aa5"},"/Users/chris/hmcts/sscs-cor-frontend/app/constants.ts":{"path":"/Users/chris/hmcts/sscs-cor-frontend/app/constants.ts","statementMap":{"0":{"start":{"line":2,"column":0},"end":{"line":2,"column":62}},"1":{"start":{"line":4,"column":0},"end":{"line":9,"column":50}},"2":{"start":{"line":5,"column":4},"end":{"line":5,"column":38}},"3":{"start":{"line":6,"column":4},"end":{"line":6,"column":57}},"4":{"start":{"line":7,"column":4},"end":{"line":7,"column":56}},"5":{"start":{"line":8,"column":4},"end":{"line":8,"column":56}}},"fnMap":{"0":{"name":"(anonymous_0)","decl":{"start":{"line":4,"column":1},"end":{"line":4,"column":2}},"loc":{"start":{"line":4,"column":18},"end":{"line":9,"column":1}},"line":4}},"branchMap":{"0":{"loc":{"start":{"line":9,"column":11},"end":{"line":9,"column":48}},"type":"binary-expr","locations":[{"start":{"line":9,"column":11},"end":{"line":9,"column":24}},{"start":{"line":9,"column":29},"end":{"line":9,"column":47}}],"line":9}},"s":{"0":1,"1":1,"2":1,"3":1,"4":1,"5":1},"f":{"0":1},"b":{"0":[1,1]},"_coverageSchema":"d34fc3e6b8297bcde183f5492bcb8fcb36775295","hash":"466896018fe6395d393764e7751c57c7e02c5a3f","contentHash":"7c826a63fdeca4aaf895b6b675d9adc2"},"/Users/chris/hmcts/sscs-cor-frontend/app/server/controllers/extend-deadline.ts":{"path":"/Users/chris/hmcts/sscs-cor-frontend/app/server/controllers/extend-deadline.ts","statementMap":{"0":{"start":{"line":2,"column":16},"end":{"line":9,"column":1}},"1":{"start":{"line":3,"column":4},"end":{"line":8,"column":7}},"2":{"start":{"line":4,"column":36},"end":{"line":4,"column":97}},"3":{"start":{"line":4,"column":42},"end":{"line":4,"column":70}},"4":{"start":{"line":4,"column":85},"end":{"line":4,"column":95}},"5":{"start":{"line":5,"column":35},"end":{"line":5,"column":100}},"6":{"start":{"line":5,"column":41},"end":{"line":5,"column":73}},"7":{"start":{"line":5,"column":88},"end":{"line":5,"column":98}},"8":{"start":{"line":6,"column":32},"end":{"line":6,"column":149}},"9":{"start":{"line":6,"column":97},"end":{"line":6,"column":119}},"10":{"start":{"line":7,"column":8},"end":{"line":7,"column":78}},"11":{"start":{"line":10,"column":0},"end":{"line":10,"column":62}},"12":{"start":{"line":11,"column":18},"end":{"line":11,"column":36}},"13":{"start":{"line":12,"column":20},"end":{"line":12,"column":46}},"14":{"start":{"line":13,"column":14},"end":{"line":13,"column":33}},"15":{"start":{"line":15,"column":4},"end":{"line":17,"column":7}},"16":{"start":{"line":19,"column":0},"end":{"line":19,"column":28}},"17":{"start":{"line":21,"column":4},"end":{"line":37,"column":7}},"18":{"start":{"line":21,"column":31},"end":{"line":37,"column":6}},"19":{"start":{"line":22,"column":26},"end":{"line":22,"column":63}},"20":{"start":{"line":23,"column":23},"end":{"line":23,"column":50}},"21":{"start":{"line":24,"column":8},"end":{"line":25,"column":77}},"22":{"start":{"line":25,"column":12},"end":{"line":25,"column":77}},"23":{"start":{"line":26,"column":8},"end":{"line":36,"column":9}},"24":{"start":{"line":27,"column":12},"end":{"line":30,"column":13}},"25":{"start":{"line":28,"column":33},"end":{"line":28,"column":79}},"26":{"start":{"line":29,"column":16},"end":{"line":29,"column":77}},"27":{"start":{"line":31,"column":12},"end":{"line":31,"column":113}},"28":{"start":{"line":34,"column":12},"end":{"line":34,"column":46}},"29":{"start":{"line":35,"column":12},"end":{"line":35,"column":24}},"30":{"start":{"line":39,"column":0},"end":{"line":39,"column":54}},"31":{"start":{"line":41,"column":19},"end":{"line":41,"column":37}},"32":{"start":{"line":42,"column":4},"end":{"line":42,"column":70}},"33":{"start":{"line":43,"column":4},"end":{"line":43,"column":105}},"34":{"start":{"line":44,"column":4},"end":{"line":44,"column":18}},"35":{"start":{"line":46,"column":0},"end":{"line":46,"column":70}}},"fnMap":{"0":{"name":"(anonymous_0)","decl":{"start":{"line":2,"column":44},"end":{"line":2,"column":45}},"loc":{"start":{"line":2,"column":89},"end":{"line":9,"column":1}},"line":2},"1":{"name":"(anonymous_1)","decl":{"start":{"line":3,"column":36},"end":{"line":3,"column":37}},"loc":{"start":{"line":3,"column":63},"end":{"line":8,"column":5}},"line":3},"2":{"name":"fulfilled","decl":{"start":{"line":4,"column":17},"end":{"line":4,"column":26}},"loc":{"start":{"line":4,"column":34},"end":{"line":4,"column":99}},"line":4},"3":{"name":"rejected","decl":{"start":{"line":5,"column":17},"end":{"line":5,"column":25}},"loc":{"start":{"line":5,"column":33},"end":{"line":5,"column":102}},"line":5},"4":{"name":"step","decl":{"start":{"line":6,"column":17},"end":{"line":6,"column":21}},"loc":{"start":{"line":6,"column":30},"end":{"line":6,"column":151}},"line":6},"5":{"name":"(anonymous_5)","decl":{"start":{"line":6,"column":76},"end":{"line":6,"column":77}},"loc":{"start":{"line":6,"column":95},"end":{"line":6,"column":121}},"line":6},"6":{"name":"getIndex","decl":{"start":{"line":14,"column":9},"end":{"line":14,"column":17}},"loc":{"start":{"line":14,"column":28},"end":{"line":18,"column":1}},"line":14},"7":{"name":"extensionConfirmation","decl":{"start":{"line":20,"column":9},"end":{"line":20,"column":30}},"loc":{"start":{"line":20,"column":47},"end":{"line":38,"column":1}},"line":20},"8":{"name":"(anonymous_8)","decl":{"start":{"line":21,"column":11},"end":{"line":21,"column":12}},"loc":{"start":{"line":21,"column":31},"end":{"line":37,"column":6}},"line":21},"9":{"name":"(anonymous_9)","decl":{"start":{"line":21,"column":63},"end":{"line":21,"column":64}},"loc":{"start":{"line":21,"column":76},"end":{"line":37,"column":5}},"line":21},"10":{"name":"setupExtendDeadlineController","decl":{"start":{"line":40,"column":9},"end":{"line":40,"column":38}},"loc":{"start":{"line":40,"column":45},"end":{"line":45,"column":1}},"line":40}},"branchMap":{"0":{"loc":{"start":{"line":2,"column":16},"end":{"line":9,"column":1}},"type":"binary-expr","locations":[{"start":{"line":2,"column":17},"end":{"line":2,"column":21}},{"start":{"line":2,"column":25},"end":{"line":2,"column":39}},{"start":{"line":2,"column":44},"end":{"line":9,"column":1}}],"line":2},"1":{"loc":{"start":{"line":3,"column":16},"end":{"line":3,"column":34}},"type":"binary-expr","locations":[{"start":{"line":3,"column":16},"end":{"line":3,"column":17}},{"start":{"line":3,"column":22},"end":{"line":3,"column":33}}],"line":3},"2":{"loc":{"start":{"line":6,"column":32},"end":{"line":6,"column":148}},"type":"cond-expr","locations":[{"start":{"line":6,"column":46},"end":{"line":6,"column":67}},{"start":{"line":6,"column":70},"end":{"line":6,"column":148}}],"line":6},"3":{"loc":{"start":{"line":7,"column":51},"end":{"line":7,"column":67}},"type":"binary-expr","locations":[{"start":{"line":7,"column":51},"end":{"line":7,"column":61}},{"start":{"line":7,"column":65},"end":{"line":7,"column":67}}],"line":7},"4":{"loc":{"start":{"line":24,"column":8},"end":{"line":25,"column":77}},"type":"if","locations":[{"start":{"line":24,"column":8},"end":{"line":25,"column":77}},{"start":{"line":24,"column":8},"end":{"line":25,"column":77}}],"line":24},"5":{"loc":{"start":{"line":27,"column":12},"end":{"line":30,"column":13}},"type":"if","locations":[{"start":{"line":27,"column":12},"end":{"line":30,"column":13}},{"start":{"line":27,"column":12},"end":{"line":30,"column":13}}],"line":27}},"s":{"0":1,"1":4,"2":1,"3":1,"4":0,"5":1,"6":1,"7":0,"8":6,"9":2,"10":4,"11":1,"12":1,"13":1,"14":1,"15":1,"16":1,"17":7,"18":4,"19":4,"20":4,"21":4,"22":1,"23":3,"24":3,"25":2,"26":1,"27":2,"28":1,"29":1,"30":1,"31":3,"32":3,"33":3,"34":3,"35":1},"f":{"0":4,"1":4,"2":1,"3":1,"4":6,"5":2,"6":1,"7":7,"8":4,"9":4,"10":3},"b":{"0":[1,1,1],"1":[4,4],"2":[4,2],"3":[4,4],"4":[1,3],"5":[2,1]},"_coverageSchema":"d34fc3e6b8297bcde183f5492bcb8fcb36775295","hash":"a16060b1904aa087c5a96340d89b5ef935bcd021","contentHash":"d68fb93257dfb80460920be1eff5bc63"},"/Users/chris/hmcts/sscs-cor-frontend/app/server/app-insights.ts":{"path":"/Users/chris/hmcts/sscs-cor-frontend/app/server/app-insights.ts","statementMap":{"0":{"start":{"line":2,"column":0},"end":{"line":2,"column":62}},"1":{"start":{"line":3,"column":28},"end":{"line":3,"column":58}},"2":{"start":{"line":4,"column":15},"end":{"line":4,"column":32}},"3":{"start":{"line":5,"column":0},"end":{"line":13,"column":2}},"4":{"start":{"line":6,"column":17},"end":{"line":6,"column":61}},"5":{"start":{"line":7,"column":4},"end":{"line":7,"column":70}},"6":{"start":{"line":8,"column":4},"end":{"line":11,"column":109}},"7":{"start":{"line":12,"column":4},"end":{"line":12,"column":32}},"8":{"start":{"line":14,"column":0},"end":{"line":18,"column":2}},"9":{"start":{"line":16,"column":4},"end":{"line":16,"column":27}},"10":{"start":{"line":17,"column":4},"end":{"line":17,"column":68}}},"fnMap":{"0":{"name":"(anonymous_0)","decl":{"start":{"line":5,"column":17},"end":{"line":5,"column":18}},"loc":{"start":{"line":5,"column":23},"end":{"line":13,"column":1}},"line":5},"1":{"name":"(anonymous_1)","decl":{"start":{"line":14,"column":25},"end":{"line":14,"column":26}},"loc":{"start":{"line":14,"column":38},"end":{"line":18,"column":1}},"line":14}},"branchMap":{},"s":{"0":1,"1":1,"2":1,"3":1,"4":0,"5":0,"6":0,"7":0,"8":1,"9":3,"10":3},"f":{"0":0,"1":3},"b":{},"_coverageSchema":"d34fc3e6b8297bcde183f5492bcb8fcb36775295","hash":"e624548ba852dddc465417d049ab6bbffd2bd76d","contentHash":"a46aedf8aeb60818be4dea0e30f60f47"},"/Users/chris/hmcts/sscs-cor-frontend/app/server/middleware/ensure-authenticated.ts":{"path":"/Users/chris/hmcts/sscs-cor-frontend/app/server/middleware/ensure-authenticated.ts","statementMap":{"0":{"start":{"line":2,"column":0},"end":{"line":2,"column":62}},"1":{"start":{"line":3,"column":19},"end":{"line":3,"column":51}},"2":{"start":{"line":4,"column":14},"end":{"line":4,"column":33}},"3":{"start":{"line":5,"column":15},"end":{"line":5,"column":58}},"4":{"start":{"line":7,"column":4},"end":{"line":9,"column":5}},"5":{"start":{"line":8,"column":8},"end":{"line":8,"column":22}},"6":{"start":{"line":10,"column":22},"end":{"line":10,"column":36}},"7":{"start":{"line":11,"column":4},"end":{"line":17,"column":7}},"8":{"start":{"line":12,"column":8},"end":{"line":14,"column":9}},"9":{"start":{"line":13,"column":12},"end":{"line":13,"column":66}},"10":{"start":{"line":15,"column":8},"end":{"line":15,"column":54}},"11":{"start":{"line":16,"column":8},"end":{"line":16,"column":41}},"12":{"start":{"line":19,"column":0},"end":{"line":19,"column":44}},"13":{"start":{"line":21,"column":4},"end":{"line":21,"column":45}},"14":{"start":{"line":22,"column":4},"end":{"line":22,"column":34}},"15":{"start":{"line":23,"column":4},"end":{"line":23,"column":11}},"16":{"start":{"line":25,"column":0},"end":{"line":25,"column":30}},"17":{"start":{"line":26,"column":28},"end":{"line":26,"column":57}},"18":{"start":{"line":27,"column":0},"end":{"line":27,"column":50}}},"fnMap":{"0":{"name":"checkAccessToken","decl":{"start":{"line":6,"column":9},"end":{"line":6,"column":25}},"loc":{"start":{"line":6,"column":42},"end":{"line":18,"column":1}},"line":6},"1":{"name":"(anonymous_1)","decl":{"start":{"line":11,"column":24},"end":{"line":11,"column":25}},"loc":{"start":{"line":11,"column":33},"end":{"line":17,"column":5}},"line":11},"2":{"name":"setLocals","decl":{"start":{"line":20,"column":9},"end":{"line":20,"column":18}},"loc":{"start":{"line":20,"column":35},"end":{"line":24,"column":1}},"line":20}},"branchMap":{"0":{"loc":{"start":{"line":7,"column":4},"end":{"line":9,"column":5}},"type":"if","locations":[{"start":{"line":7,"column":4},"end":{"line":9,"column":5}},{"start":{"line":7,"column":4},"end":{"line":9,"column":5}}],"line":7},"1":{"loc":{"start":{"line":12,"column":8},"end":{"line":14,"column":9}},"type":"if","locations":[{"start":{"line":12,"column":8},"end":{"line":14,"column":9}},{"start":{"line":12,"column":8},"end":{"line":14,"column":9}}],"line":12}},"s":{"0":1,"1":1,"2":1,"3":1,"4":3,"5":1,"6":2,"7":2,"8":2,"9":0,"10":2,"11":2,"12":1,"13":2,"14":2,"15":2,"16":1,"17":1,"18":1},"f":{"0":3,"1":2,"2":2},"b":{"0":[1,2],"1":[0,2]},"_coverageSchema":"d34fc3e6b8297bcde183f5492bcb8fcb36775295","hash":"676fccdabf88b4cb150caee5dd455d946e9f06a8","contentHash":"8fd2e6507e9c90b1064b483a37f94e04"},"/Users/chris/hmcts/sscs-cor-frontend/app/server/middleware/check-decision.ts":{"path":"/Users/chris/hmcts/sscs-cor-frontend/app/server/middleware/check-decision.ts","statementMap":{"0":{"start":{"line":2,"column":0},"end":{"line":2,"column":62}},"1":{"start":{"line":3,"column":19},"end":{"line":3,"column":51}},"2":{"start":{"line":4,"column":14},"end":{"line":4,"column":33}},"3":{"start":{"line":5,"column":20},"end":{"line":5,"column":46}},"4":{"start":{"line":6,"column":15},"end":{"line":6,"column":52}},"5":{"start":{"line":7,"column":31},"end":{"line":7,"column":163}},"6":{"start":{"line":9,"column":20},"end":{"line":9,"column":39}},"7":{"start":{"line":10,"column":26},"end":{"line":10,"column":77}},"8":{"start":{"line":11,"column":4},"end":{"line":13,"column":5}},"9":{"start":{"line":12,"column":8},"end":{"line":12,"column":22}},"10":{"start":{"line":14,"column":4},"end":{"line":14,"column":94}},"11":{"start":{"line":15,"column":4},"end":{"line":24,"column":5}},"12":{"start":{"line":16,"column":31},"end":{"line":16,"column":63}},"13":{"start":{"line":17,"column":8},"end":{"line":19,"column":9}},"14":{"start":{"line":18,"column":12},"end":{"line":18,"column":60}},"15":{"start":{"line":20,"column":8},"end":{"line":22,"column":9}},"16":{"start":{"line":21,"column":12},"end":{"line":21,"column":50}},"17":{"start":{"line":23,"column":8},"end":{"line":23,"column":48}},"18":{"start":{"line":25,"column":4},"end":{"line":25,"column":40}},"19":{"start":{"line":27,"column":0},"end":{"line":27,"column":38}}},"fnMap":{"0":{"name":"checkDecision","decl":{"start":{"line":8,"column":9},"end":{"line":8,"column":22}},"loc":{"start":{"line":8,"column":39},"end":{"line":26,"column":1}},"line":8}},"branchMap":{"0":{"loc":{"start":{"line":10,"column":26},"end":{"line":10,"column":77}},"type":"binary-expr","locations":[{"start":{"line":10,"column":26},"end":{"line":10,"column":42}},{"start":{"line":10,"column":46},"end":{"line":10,"column":77}}],"line":10},"1":{"loc":{"start":{"line":11,"column":4},"end":{"line":13,"column":5}},"type":"if","locations":[{"start":{"line":11,"column":4},"end":{"line":13,"column":5}},{"start":{"line":11,"column":4},"end":{"line":13,"column":5}}],"line":11},"2":{"loc":{"start":{"line":15,"column":4},"end":{"line":24,"column":5}},"type":"if","locations":[{"start":{"line":15,"column":4},"end":{"line":24,"column":5}},{"start":{"line":15,"column":4},"end":{"line":24,"column":5}}],"line":15},"3":{"loc":{"start":{"line":17,"column":8},"end":{"line":19,"column":9}},"type":"if","locations":[{"start":{"line":17,"column":8},"end":{"line":19,"column":9}},{"start":{"line":17,"column":8},"end":{"line":19,"column":9}}],"line":17},"4":{"loc":{"start":{"line":20,"column":8},"end":{"line":22,"column":9}},"type":"if","locations":[{"start":{"line":20,"column":8},"end":{"line":22,"column":9}},{"start":{"line":20,"column":8},"end":{"line":22,"column":9}}],"line":20}},"s":{"0":1,"1":1,"2":1,"3":1,"4":1,"5":1,"6":7,"7":7,"8":7,"9":2,"10":5,"11":5,"12":3,"13":3,"14":1,"15":2,"16":1,"17":1,"18":2,"19":1},"f":{"0":7},"b":{"0":[7,6],"1":[2,5],"2":[3,2],"3":[1,2],"4":[1,1]},"_coverageSchema":"d34fc3e6b8297bcde183f5492bcb8fcb36775295","hash":"38b10d7ee2f5f05ecb5cb66e16eb7bc7e1e01fcf","contentHash":"3c8935a9fe4fc4990552328648c05eed"},"/Users/chris/hmcts/sscs-cor-frontend/app/server/controllers/hearing-confirm.ts":{"path":"/Users/chris/hmcts/sscs-cor-frontend/app/server/controllers/hearing-confirm.ts","statementMap":{"0":{"start":{"line":2,"column":0},"end":{"line":2,"column":62}},"1":{"start":{"line":3,"column":18},"end":{"line":3,"column":36}},"2":{"start":{"line":4,"column":14},"end":{"line":4,"column":33}},"3":{"start":{"line":5,"column":26},"end":{"line":5,"column":61}},"4":{"start":{"line":6,"column":20},"end":{"line":6,"column":46}},"5":{"start":{"line":8,"column":31},"end":{"line":8,"column":123}},"6":{"start":{"line":9,"column":4},"end":{"line":11,"column":5}},"7":{"start":{"line":10,"column":8},"end":{"line":10,"column":42}},"8":{"start":{"line":12,"column":30},"end":{"line":12,"column":130}},"9":{"start":{"line":13,"column":4},"end":{"line":15,"column":5}},"10":{"start":{"line":14,"column":8},"end":{"line":14,"column":46}},"11":{"start":{"line":16,"column":4},"end":{"line":16,"column":52}},"12":{"start":{"line":18,"column":0},"end":{"line":18,"column":28}},"13":{"start":{"line":20,"column":23},"end":{"line":20,"column":46}},"14":{"start":{"line":21,"column":30},"end":{"line":21,"column":88}},"15":{"start":{"line":22,"column":4},"end":{"line":23,"column":86}},"16":{"start":{"line":23,"column":8},"end":{"line":23,"column":86}},"17":{"start":{"line":24,"column":4},"end":{"line":25,"column":48}},"18":{"start":{"line":25,"column":8},"end":{"line":25,"column":48}},"19":{"start":{"line":26,"column":4},"end":{"line":26,"column":35}},"20":{"start":{"line":28,"column":0},"end":{"line":28,"column":30}},"21":{"start":{"line":31,"column":19},"end":{"line":31,"column":37}},"22":{"start":{"line":32,"column":4},"end":{"line":32,"column":70}},"23":{"start":{"line":33,"column":4},"end":{"line":33,"column":72}},"24":{"start":{"line":34,"column":4},"end":{"line":34,"column":18}},"25":{"start":{"line":36,"column":0},"end":{"line":36,"column":70}}},"fnMap":{"0":{"name":"getIndex","decl":{"start":{"line":7,"column":9},"end":{"line":7,"column":17}},"loc":{"start":{"line":7,"column":28},"end":{"line":17,"column":1}},"line":7},"1":{"name":"postIndex","decl":{"start":{"line":19,"column":9},"end":{"line":19,"column":18}},"loc":{"start":{"line":19,"column":29},"end":{"line":27,"column":1}},"line":19},"2":{"name":"setupHearingConfirmController","decl":{"start":{"line":29,"column":9},"end":{"line":29,"column":38}},"loc":{"start":{"line":29,"column":45},"end":{"line":35,"column":1}},"line":29}},"branchMap":{"0":{"loc":{"start":{"line":9,"column":4},"end":{"line":11,"column":5}},"type":"if","locations":[{"start":{"line":9,"column":4},"end":{"line":11,"column":5}},{"start":{"line":9,"column":4},"end":{"line":11,"column":5}}],"line":9},"1":{"loc":{"start":{"line":12,"column":30},"end":{"line":12,"column":130}},"type":"binary-expr","locations":[{"start":{"line":12,"column":30},"end":{"line":12,"column":58}},{"start":{"line":12,"column":62},"end":{"line":12,"column":130}}],"line":12},"2":{"loc":{"start":{"line":13,"column":4},"end":{"line":15,"column":5}},"type":"if","locations":[{"start":{"line":13,"column":4},"end":{"line":15,"column":5}},{"start":{"line":13,"column":4},"end":{"line":15,"column":5}}],"line":13},"3":{"loc":{"start":{"line":22,"column":4},"end":{"line":23,"column":86}},"type":"if","locations":[{"start":{"line":22,"column":4},"end":{"line":23,"column":86}},{"start":{"line":22,"column":4},"end":{"line":23,"column":86}}],"line":22},"4":{"loc":{"start":{"line":24,"column":4},"end":{"line":25,"column":48}},"type":"if","locations":[{"start":{"line":24,"column":4},"end":{"line":25,"column":48}},{"start":{"line":24,"column":4},"end":{"line":25,"column":48}}],"line":24}},"s":{"0":1,"1":1,"2":1,"3":1,"4":1,"5":3,"6":3,"7":1,"8":2,"9":2,"10":1,"11":1,"12":1,"13":3,"14":3,"15":3,"16":1,"17":2,"18":1,"19":1,"20":1,"21":3,"22":3,"23":3,"24":3,"25":1},"f":{"0":3,"1":3,"2":3},"b":{"0":[1,2],"1":[2,2],"2":[1,1],"3":[1,2],"4":[1,1]},"_coverageSchema":"d34fc3e6b8297bcde183f5492bcb8fcb36775295","hash":"f90bee7061ee6d2ce8125c2b48d456bf855166a4","contentHash":"2b01391e4994144d102d9f8657a51af6"},"/Users/chris/hmcts/sscs-cor-frontend/app/server/utils/fieldValidation.ts":{"path":"/Users/chris/hmcts/sscs-cor-frontend/app/server/utils/fieldValidation.ts","statementMap":{"0":{"start":{"line":2,"column":0},"end":{"line":2,"column":62}},"1":{"start":{"line":3,"column":12},"end":{"line":3,"column":26}},"2":{"start":{"line":4,"column":13},"end":{"line":4,"column":42}},"3":{"start":{"line":5,"column":22},"end":{"line":5,"column":27}},"4":{"start":{"line":7,"column":19},"end":{"line":15,"column":6}},"5":{"start":{"line":16,"column":19},"end":{"line":16,"column":42}},"6":{"start":{"line":17,"column":16},"end":{"line":17,"column":21}},"7":{"start":{"line":18,"column":4},"end":{"line":20,"column":5}},"8":{"start":{"line":19,"column":8},"end":{"line":19,"column":48}},"9":{"start":{"line":21,"column":4},"end":{"line":21,"column":17}},"10":{"start":{"line":23,"column":0},"end":{"line":23,"column":44}},"11":{"start":{"line":25,"column":19},"end":{"line":33,"column":6}},"12":{"start":{"line":34,"column":19},"end":{"line":34,"column":42}},"13":{"start":{"line":35,"column":16},"end":{"line":35,"column":21}},"14":{"start":{"line":36,"column":4},"end":{"line":38,"column":5}},"15":{"start":{"line":37,"column":8},"end":{"line":37,"column":48}},"16":{"start":{"line":39,"column":4},"end":{"line":39,"column":17}},"17":{"start":{"line":41,"column":0},"end":{"line":41,"column":52}},"18":{"start":{"line":43,"column":19},"end":{"line":51,"column":6}},"19":{"start":{"line":52,"column":19},"end":{"line":52,"column":41}},"20":{"start":{"line":53,"column":16},"end":{"line":53,"column":21}},"21":{"start":{"line":54,"column":4},"end":{"line":56,"column":5}},"22":{"start":{"line":55,"column":8},"end":{"line":55,"column":48}},"23":{"start":{"line":57,"column":4},"end":{"line":57,"column":17}},"24":{"start":{"line":59,"column":0},"end":{"line":59,"column":66}},"25":{"start":{"line":61,"column":26},"end":{"line":61,"column":39}},"26":{"start":{"line":62,"column":4},"end":{"line":64,"column":5}},"27":{"start":{"line":63,"column":8},"end":{"line":63,"column":45}},"28":{"start":{"line":65,"column":4},"end":{"line":65,"column":17}},"29":{"start":{"line":67,"column":0},"end":{"line":67,"column":72}},"30":{"start":{"line":69,"column":26},"end":{"line":69,"column":39}},"31":{"start":{"line":70,"column":4},"end":{"line":72,"column":5}},"32":{"start":{"line":71,"column":8},"end":{"line":71,"column":46}},"33":{"start":{"line":73,"column":4},"end":{"line":73,"column":17}},"34":{"start":{"line":75,"column":0},"end":{"line":75,"column":68}}},"fnMap":{"0":{"name":"answerValidation","decl":{"start":{"line":6,"column":9},"end":{"line":6,"column":25}},"loc":{"start":{"line":6,"column":34},"end":{"line":22,"column":1}},"line":6},"1":{"name":"hearingWhyValidation","decl":{"start":{"line":24,"column":9},"end":{"line":24,"column":29}},"loc":{"start":{"line":24,"column":38},"end":{"line":40,"column":1}},"line":24},"2":{"name":"loginEmailAddressValidation","decl":{"start":{"line":42,"column":9},"end":{"line":42,"column":36}},"loc":{"start":{"line":42,"column":44},"end":{"line":58,"column":1}},"line":42},"3":{"name":"tribunalViewAcceptedValidation","decl":{"start":{"line":60,"column":9},"end":{"line":60,"column":39}},"loc":{"start":{"line":60,"column":52},"end":{"line":66,"column":1}},"line":60},"4":{"name":"newHearingAcceptedValidation","decl":{"start":{"line":68,"column":9},"end":{"line":68,"column":37}},"loc":{"start":{"line":68,"column":50},"end":{"line":74,"column":1}},"line":68}},"branchMap":{"0":{"loc":{"start":{"line":18,"column":4},"end":{"line":20,"column":5}},"type":"if","locations":[{"start":{"line":18,"column":4},"end":{"line":20,"column":5}},{"start":{"line":18,"column":4},"end":{"line":20,"column":5}}],"line":18},"1":{"loc":{"start":{"line":36,"column":4},"end":{"line":38,"column":5}},"type":"if","locations":[{"start":{"line":36,"column":4},"end":{"line":38,"column":5}},{"start":{"line":36,"column":4},"end":{"line":38,"column":5}}],"line":36},"2":{"loc":{"start":{"line":54,"column":4},"end":{"line":56,"column":5}},"type":"if","locations":[{"start":{"line":54,"column":4},"end":{"line":56,"column":5}},{"start":{"line":54,"column":4},"end":{"line":56,"column":5}}],"line":54},"3":{"loc":{"start":{"line":62,"column":4},"end":{"line":64,"column":5}},"type":"if","locations":[{"start":{"line":62,"column":4},"end":{"line":64,"column":5}},{"start":{"line":62,"column":4},"end":{"line":64,"column":5}}],"line":62},"4":{"loc":{"start":{"line":70,"column":4},"end":{"line":72,"column":5}},"type":"if","locations":[{"start":{"line":70,"column":4},"end":{"line":72,"column":5}},{"start":{"line":70,"column":4},"end":{"line":72,"column":5}}],"line":70}},"s":{"0":1,"1":1,"2":1,"3":1,"4":4,"5":4,"6":4,"7":4,"8":2,"9":4,"10":1,"11":6,"12":6,"13":6,"14":6,"15":2,"16":6,"17":1,"18":3,"19":3,"20":3,"21":3,"22":2,"23":3,"24":1,"25":13,"26":13,"27":4,"28":9,"29":1,"30":7,"31":7,"32":3,"33":4,"34":1},"f":{"0":4,"1":6,"2":3,"3":13,"4":7},"b":{"0":[2,2],"1":[2,4],"2":[2,1],"3":[4,9],"4":[3,4]},"_coverageSchema":"d34fc3e6b8297bcde183f5492bcb8fcb36775295","hash":"dbb7843318f2a3800ba864d860f9c4a999448359","contentHash":"a648f713be9ba4db6eea5a7d8453109f"},"/Users/chris/hmcts/sscs-cor-frontend/app/server/controllers/hearing-why.ts":{"path":"/Users/chris/hmcts/sscs-cor-frontend/app/server/controllers/hearing-why.ts","statementMap":{"0":{"start":{"line":2,"column":16},"end":{"line":9,"column":1}},"1":{"start":{"line":3,"column":4},"end":{"line":8,"column":7}},"2":{"start":{"line":4,"column":36},"end":{"line":4,"column":97}},"3":{"start":{"line":4,"column":42},"end":{"line":4,"column":70}},"4":{"start":{"line":4,"column":85},"end":{"line":4,"column":95}},"5":{"start":{"line":5,"column":35},"end":{"line":5,"column":100}},"6":{"start":{"line":5,"column":41},"end":{"line":5,"column":73}},"7":{"start":{"line":5,"column":88},"end":{"line":5,"column":98}},"8":{"start":{"line":6,"column":32},"end":{"line":6,"column":149}},"9":{"start":{"line":6,"column":97},"end":{"line":6,"column":119}},"10":{"start":{"line":7,"column":8},"end":{"line":7,"column":78}},"11":{"start":{"line":10,"column":0},"end":{"line":10,"column":62}},"12":{"start":{"line":11,"column":18},"end":{"line":11,"column":36}},"13":{"start":{"line":12,"column":20},"end":{"line":12,"column":46}},"14":{"start":{"line":13,"column":14},"end":{"line":13,"column":33}},"15":{"start":{"line":14,"column":20},"end":{"line":14,"column":46}},"16":{"start":{"line":15,"column":26},"end":{"line":15,"column":61}},"17":{"start":{"line":16,"column":15},"end":{"line":16,"column":32}},"18":{"start":{"line":17,"column":24},"end":{"line":17,"column":111}},"19":{"start":{"line":17,"column":52},"end":{"line":17,"column":111}},"20":{"start":{"line":19,"column":31},"end":{"line":19,"column":123}},"21":{"start":{"line":20,"column":4},"end":{"line":22,"column":5}},"22":{"start":{"line":21,"column":8},"end":{"line":21,"column":42}},"23":{"start":{"line":23,"column":30},"end":{"line":23,"column":130}},"24":{"start":{"line":25,"column":4},"end":{"line":28,"column":5}},"25":{"start":{"line":26,"column":39},"end":{"line":26,"column":124}},"26":{"start":{"line":27,"column":8},"end":{"line":27,"column":63}},"27":{"start":{"line":29,"column":4},"end":{"line":29,"column":96}},"28":{"start":{"line":31,"column":0},"end":{"line":31,"column":28}},"29":{"start":{"line":33,"column":4},"end":{"line":50,"column":7}},"30":{"start":{"line":33,"column":31},"end":{"line":50,"column":6}},"31":{"start":{"line":34,"column":27},"end":{"line":34,"column":50}},"32":{"start":{"line":35,"column":34},"end":{"line":35,"column":84}},"33":{"start":{"line":36,"column":8},"end":{"line":37,"column":86}},"34":{"start":{"line":37,"column":12},"end":{"line":37,"column":86}},"35":{"start":{"line":38,"column":8},"end":{"line":49,"column":9}},"36":{"start":{"line":39,"column":28},"end":{"line":39,"column":47}},"37":{"start":{"line":40,"column":33},"end":{"line":40,"column":50}},"38":{"start":{"line":41,"column":12},"end":{"line":41,"column":142}},"39":{"start":{"line":42,"column":12},"end":{"line":42,"column":79}},"40":{"start":{"line":43,"column":12},"end":{"line":43,"column":90}},"41":{"start":{"line":44,"column":12},"end":{"line":44,"column":121}},"42":{"start":{"line":47,"column":12},"end":{"line":47,"column":46}},"43":{"start":{"line":48,"column":12},"end":{"line":48,"column":24}},"44":{"start":{"line":52,"column":0},"end":{"line":52,"column":30}},"45":{"start":{"line":55,"column":19},"end":{"line":55,"column":37}},"46":{"start":{"line":56,"column":4},"end":{"line":56,"column":66}},"47":{"start":{"line":57,"column":4},"end":{"line":57,"column":89}},"48":{"start":{"line":58,"column":4},"end":{"line":58,"column":18}},"49":{"start":{"line":60,"column":0},"end":{"line":60,"column":62}}},"fnMap":{"0":{"name":"(anonymous_0)","decl":{"start":{"line":2,"column":44},"end":{"line":2,"column":45}},"loc":{"start":{"line":2,"column":89},"end":{"line":9,"column":1}},"line":2},"1":{"name":"(anonymous_1)","decl":{"start":{"line":3,"column":36},"end":{"line":3,"column":37}},"loc":{"start":{"line":3,"column":63},"end":{"line":8,"column":5}},"line":3},"2":{"name":"fulfilled","decl":{"start":{"line":4,"column":17},"end":{"line":4,"column":26}},"loc":{"start":{"line":4,"column":34},"end":{"line":4,"column":99}},"line":4},"3":{"name":"rejected","decl":{"start":{"line":5,"column":17},"end":{"line":5,"column":25}},"loc":{"start":{"line":5,"column":33},"end":{"line":5,"column":102}},"line":5},"4":{"name":"step","decl":{"start":{"line":6,"column":17},"end":{"line":6,"column":21}},"loc":{"start":{"line":6,"column":30},"end":{"line":6,"column":151}},"line":6},"5":{"name":"(anonymous_5)","decl":{"start":{"line":6,"column":76},"end":{"line":6,"column":77}},"loc":{"start":{"line":6,"column":95},"end":{"line":6,"column":121}},"line":6},"6":{"name":"(anonymous_6)","decl":{"start":{"line":17,"column":24},"end":{"line":17,"column":25}},"loc":{"start":{"line":17,"column":52},"end":{"line":17,"column":111}},"line":17},"7":{"name":"getIndex","decl":{"start":{"line":18,"column":9},"end":{"line":18,"column":17}},"loc":{"start":{"line":18,"column":28},"end":{"line":30,"column":1}},"line":18},"8":{"name":"postIndex","decl":{"start":{"line":32,"column":9},"end":{"line":32,"column":18}},"loc":{"start":{"line":32,"column":35},"end":{"line":51,"column":1}},"line":32},"9":{"name":"(anonymous_9)","decl":{"start":{"line":33,"column":11},"end":{"line":33,"column":12}},"loc":{"start":{"line":33,"column":31},"end":{"line":50,"column":6}},"line":33},"10":{"name":"(anonymous_10)","decl":{"start":{"line":33,"column":63},"end":{"line":33,"column":64}},"loc":{"start":{"line":33,"column":76},"end":{"line":50,"column":5}},"line":33},"11":{"name":"setupHearingWhyController","decl":{"start":{"line":53,"column":9},"end":{"line":53,"column":34}},"loc":{"start":{"line":53,"column":41},"end":{"line":59,"column":1}},"line":53}},"branchMap":{"0":{"loc":{"start":{"line":2,"column":16},"end":{"line":9,"column":1}},"type":"binary-expr","locations":[{"start":{"line":2,"column":17},"end":{"line":2,"column":21}},{"start":{"line":2,"column":25},"end":{"line":2,"column":39}},{"start":{"line":2,"column":44},"end":{"line":9,"column":1}}],"line":2},"1":{"loc":{"start":{"line":3,"column":16},"end":{"line":3,"column":34}},"type":"binary-expr","locations":[{"start":{"line":3,"column":16},"end":{"line":3,"column":17}},{"start":{"line":3,"column":22},"end":{"line":3,"column":33}}],"line":3},"2":{"loc":{"start":{"line":6,"column":32},"end":{"line":6,"column":148}},"type":"cond-expr","locations":[{"start":{"line":6,"column":46},"end":{"line":6,"column":67}},{"start":{"line":6,"column":70},"end":{"line":6,"column":148}}],"line":6},"3":{"loc":{"start":{"line":7,"column":51},"end":{"line":7,"column":67}},"type":"binary-expr","locations":[{"start":{"line":7,"column":51},"end":{"line":7,"column":61}},{"start":{"line":7,"column":65},"end":{"line":7,"column":67}}],"line":7},"4":{"loc":{"start":{"line":20,"column":4},"end":{"line":22,"column":5}},"type":"if","locations":[{"start":{"line":20,"column":4},"end":{"line":22,"column":5}},{"start":{"line":20,"column":4},"end":{"line":22,"column":5}}],"line":20},"5":{"loc":{"start":{"line":23,"column":30},"end":{"line":23,"column":130}},"type":"binary-expr","locations":[{"start":{"line":23,"column":30},"end":{"line":23,"column":58}},{"start":{"line":23,"column":62},"end":{"line":23,"column":130}}],"line":23},"6":{"loc":{"start":{"line":25,"column":4},"end":{"line":28,"column":5}},"type":"if","locations":[{"start":{"line":25,"column":4},"end":{"line":28,"column":5}},{"start":{"line":25,"column":4},"end":{"line":28,"column":5}}],"line":25},"7":{"loc":{"start":{"line":26,"column":39},"end":{"line":26,"column":124}},"type":"binary-expr","locations":[{"start":{"line":26,"column":39},"end":{"line":26,"column":67}},{"start":{"line":26,"column":71},"end":{"line":26,"column":124}}],"line":26},"8":{"loc":{"start":{"line":36,"column":8},"end":{"line":37,"column":86}},"type":"if","locations":[{"start":{"line":36,"column":8},"end":{"line":37,"column":86}},{"start":{"line":36,"column":8},"end":{"line":37,"column":86}}],"line":36}},"s":{"0":1,"1":4,"2":2,"3":2,"4":0,"5":1,"6":1,"7":0,"8":7,"9":3,"10":4,"11":1,"12":1,"13":1,"14":1,"15":1,"16":1,"17":1,"18":1,"19":4,"20":3,"21":3,"22":1,"23":2,"24":2,"25":1,"26":1,"27":2,"28":1,"29":7,"30":4,"31":4,"32":4,"33":4,"34":1,"35":3,"36":3,"37":3,"38":3,"39":2,"40":2,"41":2,"42":1,"43":1,"44":1,"45":3,"46":3,"47":3,"48":3,"49":1},"f":{"0":4,"1":4,"2":2,"3":1,"4":7,"5":3,"6":4,"7":3,"8":7,"9":4,"10":4,"11":3},"b":{"0":[1,1,1],"1":[4,4],"2":[4,3],"3":[4,4],"4":[1,2],"5":[2,2],"6":[1,1],"7":[1,1],"8":[1,3]},"_coverageSchema":"d34fc3e6b8297bcde183f5492bcb8fcb36775295","hash":"9dc33f661257175c3559d01d7d648aa150bb3b07","contentHash":"768a1c15ecb6c4dcbe044b307e8d0599"},"/Users/chris/hmcts/sscs-cor-frontend/app/server/controllers/login.ts":{"path":"/Users/chris/hmcts/sscs-cor-frontend/app/server/controllers/login.ts","statementMap":{"0":{"start":{"line":2,"column":16},"end":{"line":9,"column":1}},"1":{"start":{"line":3,"column":4},"end":{"line":8,"column":7}},"2":{"start":{"line":4,"column":36},"end":{"line":4,"column":97}},"3":{"start":{"line":4,"column":42},"end":{"line":4,"column":70}},"4":{"start":{"line":4,"column":85},"end":{"line":4,"column":95}},"5":{"start":{"line":5,"column":35},"end":{"line":5,"column":100}},"6":{"start":{"line":5,"column":41},"end":{"line":5,"column":73}},"7":{"start":{"line":5,"column":88},"end":{"line":5,"column":98}},"8":{"start":{"line":6,"column":32},"end":{"line":6,"column":149}},"9":{"start":{"line":6,"column":97},"end":{"line":6,"column":119}},"10":{"start":{"line":7,"column":8},"end":{"line":7,"column":78}},"11":{"start":{"line":10,"column":0},"end":{"line":10,"column":62}},"12":{"start":{"line":11,"column":25},"end":{"line":11,"column":57}},"13":{"start":{"line":12,"column":20},"end":{"line":12,"column":46}},"14":{"start":{"line":13,"column":18},"end":{"line":13,"column":36}},"15":{"start":{"line":14,"column":28},"end":{"line":14,"column":56}},"16":{"start":{"line":15,"column":14},"end":{"line":15,"column":33}},"17":{"start":{"line":16,"column":14},"end":{"line":16,"column":28}},"18":{"start":{"line":17,"column":13},"end":{"line":17,"column":47}},"19":{"start":{"line":18,"column":15},"end":{"line":18,"column":32}},"20":{"start":{"line":19,"column":15},"end":{"line":19,"column":60}},"21":{"start":{"line":20,"column":22},"end":{"line":20,"column":44}},"22":{"start":{"line":21,"column":21},"end":{"line":21,"column":49}},"23":{"start":{"line":23,"column":4},"end":{"line":23,"column":37}},"24":{"start":{"line":25,"column":0},"end":{"line":25,"column":42}},"25":{"start":{"line":27,"column":4},"end":{"line":42,"column":7}},"26":{"start":{"line":27,"column":25},"end":{"line":42,"column":6}},"27":{"start":{"line":28,"column":8},"end":{"line":33,"column":9}},"28":{"start":{"line":29,"column":12},"end":{"line":29,"column":67}},"29":{"start":{"line":32,"column":12},"end":{"line":32,"column":46}},"30":{"start":{"line":34,"column":26},"end":{"line":34,"column":40}},"31":{"start":{"line":35,"column":8},"end":{"line":41,"column":11}},"32":{"start":{"line":36,"column":12},"end":{"line":38,"column":13}},"33":{"start":{"line":37,"column":16},"end":{"line":37,"column":70}},"34":{"start":{"line":39,"column":12},"end":{"line":39,"column":58}},"35":{"start":{"line":40,"column":12},"end":{"line":40,"column":45}},"36":{"start":{"line":44,"column":0},"end":{"line":44,"column":30}},"37":{"start":{"line":46,"column":4},"end":{"line":54,"column":6}},"38":{"start":{"line":47,"column":24},"end":{"line":47,"column":52}},"39":{"start":{"line":48,"column":8},"end":{"line":48,"column":93}},"40":{"start":{"line":49,"column":28},"end":{"line":49,"column":82}},"41":{"start":{"line":50,"column":8},"end":{"line":50,"column":65}},"42":{"start":{"line":51,"column":8},"end":{"line":51,"column":63}},"43":{"start":{"line":52,"column":8},"end":{"line":52,"column":61}},"44":{"start":{"line":53,"column":8},"end":{"line":53,"column":42}},"45":{"start":{"line":56,"column":0},"end":{"line":56,"column":40}},"46":{"start":{"line":58,"column":4},"end":{"line":76,"column":7}},"47":{"start":{"line":58,"column":31},"end":{"line":76,"column":6}},"48":{"start":{"line":59,"column":21},"end":{"line":59,"column":35}},"49":{"start":{"line":60,"column":8},"end":{"line":62,"column":9}},"50":{"start":{"line":61,"column":12},"end":{"line":61,"column":44}},"51":{"start":{"line":63,"column":8},"end":{"line":75,"column":9}},"52":{"start":{"line":64,"column":12},"end":{"line":64,"column":41}},"53":{"start":{"line":65,"column":34},"end":{"line":65,"column":94}},"54":{"start":{"line":66,"column":12},"end":{"line":66,"column":48}},"55":{"start":{"line":67,"column":32},"end":{"line":67,"column":92}},"56":{"start":{"line":69,"column":12},"end":{"line":69,"column":65}},"57":{"start":{"line":70,"column":12},"end":{"line":70,"column":110}},"58":{"start":{"line":73,"column":12},"end":{"line":73,"column":46}},"59":{"start":{"line":74,"column":12},"end":{"line":74,"column":31}},"60":{"start":{"line":78,"column":0},"end":{"line":78,"column":42}},"61":{"start":{"line":80,"column":4},"end":{"line":104,"column":7}},"62":{"start":{"line":81,"column":25},"end":{"line":81,"column":69}},"63":{"start":{"line":82,"column":8},"end":{"line":100,"column":9}},"64":{"start":{"line":83,"column":12},"end":{"line":83,"column":61}},"65":{"start":{"line":84,"column":32},"end":{"line":84,"column":86}},"66":{"start":{"line":85,"column":32},"end":{"line":85,"column":70}},"67":{"start":{"line":86,"column":30},"end":{"line":86,"column":66}},"68":{"start":{"line":87,"column":12},"end":{"line":87,"column":95}},"69":{"start":{"line":89,"column":13},"end":{"line":100,"column":9}},"70":{"start":{"line":90,"column":12},"end":{"line":90,"column":63}},"71":{"start":{"line":91,"column":32},"end":{"line":91,"column":71}},"72":{"start":{"line":92,"column":30},"end":{"line":92,"column":67}},"73":{"start":{"line":93,"column":12},"end":{"line":93,"column":82}},"74":{"start":{"line":95,"column":13},"end":{"line":100,"column":9}},"75":{"start":{"line":96,"column":12},"end":{"line":96,"column":63}},"76":{"start":{"line":97,"column":32},"end":{"line":97,"column":73}},"77":{"start":{"line":98,"column":30},"end":{"line":98,"column":69}},"78":{"start":{"line":99,"column":12},"end":{"line":99,"column":82}},"79":{"start":{"line":101,"column":8},"end":{"line":101,"column":44}},"80":{"start":{"line":102,"column":8},"end":{"line":102,"column":43}},"81":{"start":{"line":103,"column":8},"end":{"line":103,"column":44}},"82":{"start":{"line":107,"column":19},"end":{"line":107,"column":37}},"83":{"start":{"line":108,"column":4},"end":{"line":108,"column":128}},"84":{"start":{"line":109,"column":4},"end":{"line":109,"column":88}},"85":{"start":{"line":110,"column":4},"end":{"line":110,"column":58}},"86":{"start":{"line":111,"column":4},"end":{"line":111,"column":18}},"87":{"start":{"line":113,"column":0},"end":{"line":113,"column":52}}},"fnMap":{"0":{"name":"(anonymous_0)","decl":{"start":{"line":2,"column":44},"end":{"line":2,"column":45}},"loc":{"start":{"line":2,"column":89},"end":{"line":9,"column":1}},"line":2},"1":{"name":"(anonymous_1)","decl":{"start":{"line":3,"column":36},"end":{"line":3,"column":37}},"loc":{"start":{"line":3,"column":63},"end":{"line":8,"column":5}},"line":3},"2":{"name":"fulfilled","decl":{"start":{"line":4,"column":17},"end":{"line":4,"column":26}},"loc":{"start":{"line":4,"column":34},"end":{"line":4,"column":99}},"line":4},"3":{"name":"rejected","decl":{"start":{"line":5,"column":17},"end":{"line":5,"column":25}},"loc":{"start":{"line":5,"column":33},"end":{"line":5,"column":102}},"line":5},"4":{"name":"step","decl":{"start":{"line":6,"column":17},"end":{"line":6,"column":21}},"loc":{"start":{"line":6,"column":30},"end":{"line":6,"column":151}},"line":6},"5":{"name":"(anonymous_5)","decl":{"start":{"line":6,"column":76},"end":{"line":6,"column":77}},"loc":{"start":{"line":6,"column":95},"end":{"line":6,"column":121}},"line":6},"6":{"name":"redirectToLogin","decl":{"start":{"line":22,"column":9},"end":{"line":22,"column":24}},"loc":{"start":{"line":22,"column":35},"end":{"line":24,"column":1}},"line":22},"7":{"name":"getLogout","decl":{"start":{"line":26,"column":9},"end":{"line":26,"column":18}},"loc":{"start":{"line":26,"column":32},"end":{"line":43,"column":1}},"line":26},"8":{"name":"(anonymous_8)","decl":{"start":{"line":27,"column":11},"end":{"line":27,"column":12}},"loc":{"start":{"line":27,"column":25},"end":{"line":42,"column":6}},"line":27},"9":{"name":"(anonymous_9)","decl":{"start":{"line":27,"column":57},"end":{"line":27,"column":58}},"loc":{"start":{"line":27,"column":70},"end":{"line":42,"column":5}},"line":27},"10":{"name":"(anonymous_10)","decl":{"start":{"line":35,"column":28},"end":{"line":35,"column":29}},"loc":{"start":{"line":35,"column":37},"end":{"line":41,"column":9}},"line":35},"11":{"name":"redirectToIdam","decl":{"start":{"line":45,"column":9},"end":{"line":45,"column":23}},"loc":{"start":{"line":45,"column":47},"end":{"line":55,"column":1}},"line":45},"12":{"name":"(anonymous_12)","decl":{"start":{"line":46,"column":11},"end":{"line":46,"column":12}},"loc":{"start":{"line":46,"column":25},"end":{"line":54,"column":5}},"line":46},"13":{"name":"getIdamCallback","decl":{"start":{"line":57,"column":9},"end":{"line":57,"column":24}},"loc":{"start":{"line":57,"column":70},"end":{"line":77,"column":1}},"line":57},"14":{"name":"(anonymous_14)","decl":{"start":{"line":58,"column":11},"end":{"line":58,"column":12}},"loc":{"start":{"line":58,"column":31},"end":{"line":76,"column":6}},"line":58},"15":{"name":"(anonymous_15)","decl":{"start":{"line":58,"column":63},"end":{"line":58,"column":64}},"loc":{"start":{"line":58,"column":76},"end":{"line":76,"column":5}},"line":58},"16":{"name":"loadHearingAndEnterService","decl":{"start":{"line":79,"column":9},"end":{"line":79,"column":35}},"loc":{"start":{"line":79,"column":82},"end":{"line":105,"column":1}},"line":79},"17":{"name":"(anonymous_17)","decl":{"start":{"line":80,"column":43},"end":{"line":80,"column":44}},"loc":{"start":{"line":80,"column":56},"end":{"line":104,"column":5}},"line":80},"18":{"name":"setupLoginController","decl":{"start":{"line":106,"column":9},"end":{"line":106,"column":29}},"loc":{"start":{"line":106,"column":36},"end":{"line":112,"column":1}},"line":106}},"branchMap":{"0":{"loc":{"start":{"line":2,"column":16},"end":{"line":9,"column":1}},"type":"binary-expr","locations":[{"start":{"line":2,"column":17},"end":{"line":2,"column":21}},{"start":{"line":2,"column":25},"end":{"line":2,"column":39}},{"start":{"line":2,"column":44},"end":{"line":9,"column":1}}],"line":2},"1":{"loc":{"start":{"line":3,"column":16},"end":{"line":3,"column":34}},"type":"binary-expr","locations":[{"start":{"line":3,"column":16},"end":{"line":3,"column":17}},{"start":{"line":3,"column":22},"end":{"line":3,"column":33}}],"line":3},"2":{"loc":{"start":{"line":6,"column":32},"end":{"line":6,"column":148}},"type":"cond-expr","locations":[{"start":{"line":6,"column":46},"end":{"line":6,"column":67}},{"start":{"line":6,"column":70},"end":{"line":6,"column":148}}],"line":6},"3":{"loc":{"start":{"line":7,"column":51},"end":{"line":7,"column":67}},"type":"binary-expr","locations":[{"start":{"line":7,"column":51},"end":{"line":7,"column":61}},{"start":{"line":7,"column":65},"end":{"line":7,"column":67}}],"line":7},"4":{"loc":{"start":{"line":36,"column":12},"end":{"line":38,"column":13}},"type":"if","locations":[{"start":{"line":36,"column":12},"end":{"line":38,"column":13}},{"start":{"line":36,"column":12},"end":{"line":38,"column":13}}],"line":36},"5":{"loc":{"start":{"line":48,"column":27},"end":{"line":48,"column":92}},"type":"cond-expr","locations":[{"start":{"line":48,"column":54},"end":{"line":48,"column":81}},{"start":{"line":48,"column":84},"end":{"line":48,"column":92}}],"line":48},"6":{"loc":{"start":{"line":60,"column":8},"end":{"line":62,"column":9}},"type":"if","locations":[{"start":{"line":60,"column":8},"end":{"line":62,"column":9}},{"start":{"line":60,"column":8},"end":{"line":62,"column":9}}],"line":60},"7":{"loc":{"start":{"line":82,"column":8},"end":{"line":100,"column":9}},"type":"if","locations":[{"start":{"line":82,"column":8},"end":{"line":100,"column":9}},{"start":{"line":82,"column":8},"end":{"line":100,"column":9}}],"line":82},"8":{"loc":{"start":{"line":89,"column":13},"end":{"line":100,"column":9}},"type":"if","locations":[{"start":{"line":89,"column":13},"end":{"line":100,"column":9}},{"start":{"line":89,"column":13},"end":{"line":100,"column":9}}],"line":89},"9":{"loc":{"start":{"line":95,"column":13},"end":{"line":100,"column":9}},"type":"if","locations":[{"start":{"line":95,"column":13},"end":{"line":100,"column":9}},{"start":{"line":95,"column":13},"end":{"line":100,"column":9}}],"line":95}},"s":{"0":1,"1":16,"2":25,"3":25,"4":0,"5":4,"6":4,"7":2,"8":43,"9":29,"10":16,"11":1,"12":1,"13":1,"14":1,"15":1,"16":1,"17":1,"18":1,"19":1,"20":1,"21":1,"22":1,"23":1,"24":1,"25":5,"26":1,"27":1,"28":1,"29":0,"30":1,"31":1,"32":1,"33":0,"34":1,"35":1,"36":1,"37":9,"38":1,"39":1,"40":1,"41":1,"42":1,"43":1,"44":1,"45":1,"46":12,"47":8,"48":8,"49":8,"50":1,"51":7,"52":7,"53":7,"54":7,"55":7,"56":7,"57":7,"58":2,"59":2,"60":1,"61":7,"62":7,"63":5,"64":1,"65":1,"66":1,"67":1,"68":1,"69":4,"70":1,"71":1,"72":1,"73":1,"74":3,"75":1,"76":1,"77":1,"78":1,"79":2,"80":2,"81":2,"82":4,"83":4,"84":4,"85":4,"86":4,"87":1},"f":{"0":16,"1":16,"2":25,"3":4,"4":43,"5":29,"6":1,"7":5,"8":1,"9":1,"10":1,"11":9,"12":1,"13":12,"14":8,"15":8,"16":7,"17":7,"18":4},"b":{"0":[1,1,1],"1":[16,16],"2":[14,29],"3":[16,16],"4":[0,1],"5":[0,1],"6":[1,7],"7":[1,4],"8":[1,3],"9":[1,2]},"_coverageSchema":"d34fc3e6b8297bcde183f5492bcb8fcb36775295","hash":"aa3d7adbc7330f563f327af2750bc49d25565553","contentHash":"e50baf3e6fc2b88569b101f212d05cd7"},"/Users/chris/hmcts/sscs-cor-frontend/app/server/controllers/policies.ts":{"path":"/Users/chris/hmcts/sscs-cor-frontend/app/server/controllers/policies.ts","statementMap":{"0":{"start":{"line":2,"column":0},"end":{"line":2,"column":62}},"1":{"start":{"line":3,"column":18},"end":{"line":3,"column":36}},"2":{"start":{"line":4,"column":14},"end":{"line":4,"column":33}},"3":{"start":{"line":6,"column":4},"end":{"line":6,"column":51}},"4":{"start":{"line":8,"column":0},"end":{"line":8,"column":44}},"5":{"start":{"line":10,"column":19},"end":{"line":10,"column":37}},"6":{"start":{"line":11,"column":4},"end":{"line":11,"column":54}},"7":{"start":{"line":12,"column":4},"end":{"line":12,"column":18}},"8":{"start":{"line":14,"column":0},"end":{"line":14,"column":68}}},"fnMap":{"0":{"name":"getCookiePrivacy","decl":{"start":{"line":5,"column":9},"end":{"line":5,"column":25}},"loc":{"start":{"line":5,"column":36},"end":{"line":7,"column":1}},"line":5},"1":{"name":"setupCookiePrivacyController","decl":{"start":{"line":9,"column":9},"end":{"line":9,"column":37}},"loc":{"start":{"line":9,"column":40},"end":{"line":13,"column":1}},"line":9}},"branchMap":{},"s":{"0":1,"1":1,"2":1,"3":1,"4":1,"5":1,"6":1,"7":1,"8":1},"f":{"0":1,"1":1},"b":{},"_coverageSchema":"d34fc3e6b8297bcde183f5492bcb8fcb36775295","hash":"d4c9992cf530c0f2e917267559c2e7add1aba7d5","contentHash":"4edccfc53ad4655d289cc16a65013cb6"},"/Users/chris/hmcts/sscs-cor-frontend/app/server/controllers/question.ts":{"path":"/Users/chris/hmcts/sscs-cor-frontend/app/server/controllers/question.ts","statementMap":{"0":{"start":{"line":2,"column":16},"end":{"line":9,"column":1}},"1":{"start":{"line":3,"column":4},"end":{"line":8,"column":7}},"2":{"start":{"line":4,"column":36},"end":{"line":4,"column":97}},"3":{"start":{"line":4,"column":42},"end":{"line":4,"column":70}},"4":{"start":{"line":4,"column":85},"end":{"line":4,"column":95}},"5":{"start":{"line":5,"column":35},"end":{"line":5,"column":100}},"6":{"start":{"line":5,"column":41},"end":{"line":5,"column":73}},"7":{"start":{"line":5,"column":88},"end":{"line":5,"column":98}},"8":{"start":{"line":6,"column":32},"end":{"line":6,"column":149}},"9":{"start":{"line":6,"column":97},"end":{"line":6,"column":119}},"10":{"start":{"line":7,"column":8},"end":{"line":7,"column":78}},"11":{"start":{"line":10,"column":0},"end":{"line":10,"column":62}},"12":{"start":{"line":11,"column":10},"end":{"line":11,"column":27}},"13":{"start":{"line":12,"column":20},"end":{"line":12,"column":46}},"14":{"start":{"line":13,"column":18},"end":{"line":13,"column":36}},"15":{"start":{"line":14,"column":14},"end":{"line":14,"column":33}},"16":{"start":{"line":15,"column":13},"end":{"line":15,"column":28}},"17":{"start":{"line":16,"column":26},"end":{"line":16,"column":61}},"18":{"start":{"line":17,"column":15},"end":{"line":17,"column":32}},"19":{"start":{"line":18,"column":24},"end":{"line":18,"column":62}},"20":{"start":{"line":19,"column":15},"end":{"line":19,"column":32}},"21":{"start":{"line":20,"column":13},"end":{"line":20,"column":47}},"22":{"start":{"line":21,"column":26},"end":{"line":21,"column":63}},"23":{"start":{"line":22,"column":28},"end":{"line":22,"column":56}},"24":{"start":{"line":23,"column":30},"end":{"line":23,"column":90}},"25":{"start":{"line":24,"column":38},"end":{"line":24,"column":106}},"26":{"start":{"line":25,"column":24},"end":{"line":25,"column":68}},"27":{"start":{"line":26,"column":22},"end":{"line":26,"column":39}},"28":{"start":{"line":27,"column":15},"end":{"line":30,"column":2}},"29":{"start":{"line":32,"column":4},"end":{"line":34,"column":5}},"30":{"start":{"line":33,"column":8},"end":{"line":33,"column":20}},"31":{"start":{"line":35,"column":4},"end":{"line":37,"column":5}},"32":{"start":{"line":36,"column":8},"end":{"line":36,"column":20}},"33":{"start":{"line":38,"column":4},"end":{"line":38,"column":17}},"34":{"start":{"line":40,"column":0},"end":{"line":40,"column":48}},"35":{"start":{"line":42,"column":4},"end":{"line":73,"column":7}},"36":{"start":{"line":42,"column":31},"end":{"line":73,"column":6}},"37":{"start":{"line":43,"column":32},"end":{"line":43,"column":58}},"38":{"start":{"line":44,"column":34},"end":{"line":44,"column":79}},"39":{"start":{"line":45,"column":8},"end":{"line":47,"column":9}},"40":{"start":{"line":46,"column":12},"end":{"line":46,"column":48}},"41":{"start":{"line":48,"column":26},"end":{"line":48,"column":63}},"42":{"start":{"line":49,"column":8},"end":{"line":72,"column":9}},"43":{"start":{"line":50,"column":29},"end":{"line":50,"column":92}},"44":{"start":{"line":51,"column":29},"end":{"line":62,"column":13}},"45":{"start":{"line":61,"column":68},"end":{"line":61,"column":103}},"46":{"start":{"line":63,"column":12},"end":{"line":63,"column":44}},"47":{"start":{"line":64,"column":12},"end":{"line":67,"column":15}},"48":{"start":{"line":70,"column":12},"end":{"line":70,"column":46}},"49":{"start":{"line":71,"column":12},"end":{"line":71,"column":24}},"50":{"start":{"line":75,"column":0},"end":{"line":75,"column":34}},"51":{"start":{"line":77,"column":4},"end":{"line":94,"column":7}},"52":{"start":{"line":79,"column":8},"end":{"line":81,"column":9}},"53":{"start":{"line":80,"column":12},"end":{"line":80,"column":79}},"54":{"start":{"line":82,"column":8},"end":{"line":92,"column":9}},"55":{"start":{"line":83,"column":29},"end":{"line":83,"column":49}},"56":{"start":{"line":84,"column":12},"end":{"line":87,"column":14}},"57":{"start":{"line":88,"column":12},"end":{"line":91,"column":15}},"58":{"start":{"line":93,"column":8},"end":{"line":93,"column":25}},"59":{"start":{"line":97,"column":4},"end":{"line":133,"column":7}},"60":{"start":{"line":97,"column":31},"end":{"line":133,"column":6}},"61":{"start":{"line":98,"column":32},"end":{"line":98,"column":58}},"62":{"start":{"line":99,"column":34},"end":{"line":99,"column":79}},"63":{"start":{"line":100,"column":8},"end":{"line":102,"column":9}},"64":{"start":{"line":101,"column":12},"end":{"line":101,"column":48}},"65":{"start":{"line":103,"column":26},"end":{"line":103,"column":63}},"66":{"start":{"line":104,"column":27},"end":{"line":104,"column":53}},"67":{"start":{"line":105,"column":8},"end":{"line":132,"column":9}},"68":{"start":{"line":106,"column":12},"end":{"line":127,"column":16}},"69":{"start":{"line":106,"column":61},"end":{"line":127,"column":14}},"70":{"start":{"line":107,"column":16},"end":{"line":109,"column":17}},"71":{"start":{"line":108,"column":20},"end":{"line":108,"column":104}},"72":{"start":{"line":110,"column":16},"end":{"line":126,"column":17}},"73":{"start":{"line":111,"column":20},"end":{"line":111,"column":102}},"74":{"start":{"line":113,"column":21},"end":{"line":126,"column":17}},"75":{"start":{"line":114,"column":20},"end":{"line":114,"column":96}},"76":{"start":{"line":116,"column":21},"end":{"line":126,"column":17}},"77":{"start":{"line":117,"column":35},"end":{"line":117,"column":66}},"78":{"start":{"line":118,"column":20},"end":{"line":118,"column":87}},"79":{"start":{"line":119,"column":20},"end":{"line":119,"column":80}},"80":{"start":{"line":121,"column":21},"end":{"line":126,"column":17}},"81":{"start":{"line":122,"column":20},"end":{"line":122,"column":80}},"82":{"start":{"line":125,"column":20},"end":{"line":125,"column":49}},"83":{"start":{"line":130,"column":12},"end":{"line":130,"column":46}},"84":{"start":{"line":131,"column":12},"end":{"line":131,"column":31}},"85":{"start":{"line":135,"column":0},"end":{"line":135,"column":32}},"86":{"start":{"line":137,"column":4},"end":{"line":143,"column":6}},"87":{"start":{"line":138,"column":24},"end":{"line":138,"column":77}},"88":{"start":{"line":139,"column":8},"end":{"line":141,"column":9}},"89":{"start":{"line":140,"column":12},"end":{"line":140,"column":26}},"90":{"start":{"line":142,"column":8},"end":{"line":142,"column":61}},"91":{"start":{"line":145,"column":0},"end":{"line":145,"column":64}},"92":{"start":{"line":147,"column":28},"end":{"line":147,"column":54}},"93":{"start":{"line":148,"column":4},"end":{"line":148,"column":69}},"94":{"start":{"line":150,"column":0},"end":{"line":150,"column":46}},"95":{"start":{"line":152,"column":4},"end":{"line":188,"column":7}},"96":{"start":{"line":152,"column":31},"end":{"line":188,"column":6}},"97":{"start":{"line":153,"column":32},"end":{"line":153,"column":58}},"98":{"start":{"line":154,"column":34},"end":{"line":154,"column":79}},"99":{"start":{"line":155,"column":8},"end":{"line":157,"column":9}},"100":{"start":{"line":156,"column":12},"end":{"line":156,"column":48}},"101":{"start":{"line":158,"column":26},"end":{"line":158,"column":63}},"102":{"start":{"line":159,"column":8},"end":{"line":162,"column":9}},"103":{"start":{"line":160,"column":26},"end":{"line":160,"column":65}},"104":{"start":{"line":161,"column":12},"end":{"line":161,"column":91}},"105":{"start":{"line":163,"column":8},"end":{"line":187,"column":9}},"106":{"start":{"line":164,"column":29},"end":{"line":164,"column":97}},"107":{"start":{"line":165,"column":12},"end":{"line":167,"column":13}},"108":{"start":{"line":166,"column":16},"end":{"line":166,"column":76}},"109":{"start":{"line":168,"column":12},"end":{"line":179,"column":13}},"110":{"start":{"line":169,"column":30},"end":{"line":169,"column":84}},"111":{"start":{"line":170,"column":16},"end":{"line":177,"column":17}},"112":{"start":{"line":171,"column":37},"end":{"line":171,"column":57}},"113":{"start":{"line":172,"column":20},"end":{"line":176,"column":23}},"114":{"start":{"line":178,"column":16},"end":{"line":178,"column":95}},"115":{"start":{"line":180,"column":33},"end":{"line":180,"column":85}},"116":{"start":{"line":181,"column":12},"end":{"line":181,"column":53}},"117":{"start":{"line":182,"column":12},"end":{"line":182,"column":42}},"118":{"start":{"line":185,"column":12},"end":{"line":185,"column":46}},"119":{"start":{"line":186,"column":12},"end":{"line":186,"column":24}},"120":{"start":{"line":190,"column":0},"end":{"line":190,"column":48}},"121":{"start":{"line":192,"column":26},"end":{"line":192,"column":57}},"122":{"start":{"line":193,"column":4},"end":{"line":198,"column":5}},"123":{"start":{"line":194,"column":8},"end":{"line":194,"column":23}},"124":{"start":{"line":197,"column":8},"end":{"line":197,"column":50}},"125":{"start":{"line":200,"column":0},"end":{"line":200,"column":50}},"126":{"start":{"line":202,"column":4},"end":{"line":226,"column":6}},"127":{"start":{"line":203,"column":32},"end":{"line":203,"column":58}},"128":{"start":{"line":204,"column":8},"end":{"line":224,"column":9}},"129":{"start":{"line":205,"column":24},"end":{"line":205,"column":78}},"130":{"start":{"line":206,"column":12},"end":{"line":211,"column":13}},"131":{"start":{"line":207,"column":16},"end":{"line":207,"column":94}},"132":{"start":{"line":209,"column":17},"end":{"line":211,"column":13}},"133":{"start":{"line":210,"column":16},"end":{"line":210,"column":74}},"134":{"start":{"line":212,"column":12},"end":{"line":222,"column":13}},"135":{"start":{"line":213,"column":33},"end":{"line":213,"column":53}},"136":{"start":{"line":214,"column":16},"end":{"line":216,"column":18}},"137":{"start":{"line":217,"column":16},"end":{"line":221,"column":19}},"138":{"start":{"line":223,"column":12},"end":{"line":223,"column":91}},"139":{"start":{"line":225,"column":8},"end":{"line":225,"column":18}},"140":{"start":{"line":228,"column":0},"end":{"line":228,"column":56}},"141":{"start":{"line":230,"column":19},"end":{"line":230,"column":37}},"142":{"start":{"line":231,"column":4},"end":{"line":231,"column":94}},"143":{"start":{"line":232,"column":4},"end":{"line":232,"column":178}},"144":{"start":{"line":233,"column":4},"end":{"line":233,"column":176}},"145":{"start":{"line":234,"column":4},"end":{"line":234,"column":292}},"146":{"start":{"line":235,"column":4},"end":{"line":235,"column":18}},"147":{"start":{"line":237,"column":0},"end":{"line":237,"column":58}}},"fnMap":{"0":{"name":"(anonymous_0)","decl":{"start":{"line":2,"column":44},"end":{"line":2,"column":45}},"loc":{"start":{"line":2,"column":89},"end":{"line":9,"column":1}},"line":2},"1":{"name":"(anonymous_1)","decl":{"start":{"line":3,"column":36},"end":{"line":3,"column":37}},"loc":{"start":{"line":3,"column":63},"end":{"line":8,"column":5}},"line":3},"2":{"name":"fulfilled","decl":{"start":{"line":4,"column":17},"end":{"line":4,"column":26}},"loc":{"start":{"line":4,"column":34},"end":{"line":4,"column":99}},"line":4},"3":{"name":"rejected","decl":{"start":{"line":5,"column":17},"end":{"line":5,"column":25}},"loc":{"start":{"line":5,"column":33},"end":{"line":5,"column":102}},"line":5},"4":{"name":"step","decl":{"start":{"line":6,"column":17},"end":{"line":6,"column":21}},"loc":{"start":{"line":6,"column":30},"end":{"line":6,"column":151}},"line":6},"5":{"name":"(anonymous_5)","decl":{"start":{"line":6,"column":76},"end":{"line":6,"column":77}},"loc":{"start":{"line":6,"column":95},"end":{"line":6,"column":121}},"line":6},"6":{"name":"showEvidenceUpload","decl":{"start":{"line":31,"column":9},"end":{"line":31,"column":27}},"loc":{"start":{"line":31,"column":91},"end":{"line":39,"column":1}},"line":31},"7":{"name":"getQuestion","decl":{"start":{"line":41,"column":9},"end":{"line":41,"column":20}},"loc":{"start":{"line":41,"column":38},"end":{"line":74,"column":1}},"line":41},"8":{"name":"(anonymous_8)","decl":{"start":{"line":42,"column":11},"end":{"line":42,"column":12}},"loc":{"start":{"line":42,"column":31},"end":{"line":73,"column":6}},"line":42},"9":{"name":"(anonymous_9)","decl":{"start":{"line":42,"column":63},"end":{"line":42,"column":64}},"loc":{"start":{"line":42,"column":76},"end":{"line":73,"column":5}},"line":42},"10":{"name":"(anonymous_10)","decl":{"start":{"line":61,"column":60},"end":{"line":61,"column":61}},"loc":{"start":{"line":61,"column":68},"end":{"line":61,"column":103}},"line":61},"11":{"name":"validateAnswer","decl":{"start":{"line":76,"column":9},"end":{"line":76,"column":23}},"loc":{"start":{"line":76,"column":56},"end":{"line":95,"column":1}},"line":76},"12":{"name":"(anonymous_12)","decl":{"start":{"line":77,"column":43},"end":{"line":77,"column":44}},"loc":{"start":{"line":77,"column":56},"end":{"line":94,"column":5}},"line":77},"13":{"name":"postAnswer","decl":{"start":{"line":96,"column":9},"end":{"line":96,"column":19}},"loc":{"start":{"line":96,"column":54},"end":{"line":134,"column":1}},"line":96},"14":{"name":"(anonymous_14)","decl":{"start":{"line":97,"column":11},"end":{"line":97,"column":12}},"loc":{"start":{"line":97,"column":31},"end":{"line":133,"column":6}},"line":97},"15":{"name":"(anonymous_15)","decl":{"start":{"line":97,"column":63},"end":{"line":97,"column":64}},"loc":{"start":{"line":97,"column":76},"end":{"line":133,"column":5}},"line":97},"16":{"name":"(anonymous_16)","decl":{"start":{"line":106,"column":55},"end":{"line":106,"column":56}},"loc":{"start":{"line":106,"column":61},"end":{"line":127,"column":14}},"line":106},"17":{"name":"(anonymous_17)","decl":{"start":{"line":106,"column":93},"end":{"line":106,"column":94}},"loc":{"start":{"line":106,"column":106},"end":{"line":127,"column":13}},"line":106},"18":{"name":"checkEvidenceUploadFeature","decl":{"start":{"line":136,"column":9},"end":{"line":136,"column":35}},"loc":{"start":{"line":136,"column":58},"end":{"line":144,"column":1}},"line":136},"19":{"name":"(anonymous_19)","decl":{"start":{"line":137,"column":11},"end":{"line":137,"column":12}},"loc":{"start":{"line":137,"column":31},"end":{"line":143,"column":5}},"line":137},"20":{"name":"getUploadEvidence","decl":{"start":{"line":146,"column":9},"end":{"line":146,"column":26}},"loc":{"start":{"line":146,"column":43},"end":{"line":149,"column":1}},"line":146},"21":{"name":"postUploadEvidence","decl":{"start":{"line":151,"column":9},"end":{"line":151,"column":27}},"loc":{"start":{"line":151,"column":74},"end":{"line":189,"column":1}},"line":151},"22":{"name":"(anonymous_22)","decl":{"start":{"line":152,"column":11},"end":{"line":152,"column":12}},"loc":{"start":{"line":152,"column":31},"end":{"line":188,"column":6}},"line":152},"23":{"name":"(anonymous_23)","decl":{"start":{"line":152,"column":63},"end":{"line":152,"column":64}},"loc":{"start":{"line":152,"column":76},"end":{"line":188,"column":5}},"line":152},"24":{"name":"fileTypeInWhitelist","decl":{"start":{"line":191,"column":9},"end":{"line":191,"column":28}},"loc":{"start":{"line":191,"column":44},"end":{"line":199,"column":1}},"line":191},"25":{"name":"handleFileUploadErrors","decl":{"start":{"line":201,"column":9},"end":{"line":201,"column":31}},"loc":{"start":{"line":201,"column":44},"end":{"line":227,"column":1}},"line":201},"26":{"name":"(anonymous_26)","decl":{"start":{"line":202,"column":11},"end":{"line":202,"column":12}},"loc":{"start":{"line":202,"column":36},"end":{"line":226,"column":5}},"line":202},"27":{"name":"setupQuestionController","decl":{"start":{"line":229,"column":9},"end":{"line":229,"column":32}},"loc":{"start":{"line":229,"column":39},"end":{"line":236,"column":1}},"line":229}},"branchMap":{"0":{"loc":{"start":{"line":2,"column":16},"end":{"line":9,"column":1}},"type":"binary-expr","locations":[{"start":{"line":2,"column":17},"end":{"line":2,"column":21}},{"start":{"line":2,"column":25},"end":{"line":2,"column":39}},{"start":{"line":2,"column":44},"end":{"line":9,"column":1}}],"line":2},"1":{"loc":{"start":{"line":3,"column":16},"end":{"line":3,"column":34}},"type":"binary-expr","locations":[{"start":{"line":3,"column":16},"end":{"line":3,"column":17}},{"start":{"line":3,"column":22},"end":{"line":3,"column":33}}],"line":3},"2":{"loc":{"start":{"line":6,"column":32},"end":{"line":6,"column":148}},"type":"cond-expr","locations":[{"start":{"line":6,"column":46},"end":{"line":6,"column":67}},{"start":{"line":6,"column":70},"end":{"line":6,"column":148}}],"line":6},"3":{"loc":{"start":{"line":7,"column":51},"end":{"line":7,"column":67}},"type":"binary-expr","locations":[{"start":{"line":7,"column":51},"end":{"line":7,"column":61}},{"start":{"line":7,"column":65},"end":{"line":7,"column":67}}],"line":7},"4":{"loc":{"start":{"line":32,"column":4},"end":{"line":34,"column":5}},"type":"if","locations":[{"start":{"line":32,"column":4},"end":{"line":34,"column":5}},{"start":{"line":32,"column":4},"end":{"line":34,"column":5}}],"line":32},"5":{"loc":{"start":{"line":35,"column":4},"end":{"line":37,"column":5}},"type":"if","locations":[{"start":{"line":35,"column":4},"end":{"line":37,"column":5}},{"start":{"line":35,"column":4},"end":{"line":37,"column":5}}],"line":35},"6":{"loc":{"start":{"line":35,"column":8},"end":{"line":35,"column":93}},"type":"binary-expr","locations":[{"start":{"line":35,"column":8},"end":{"line":35,"column":37}},{"start":{"line":35,"column":41},"end":{"line":35,"column":48}},{"start":{"line":35,"column":52},"end":{"line":35,"column":93}}],"line":35},"7":{"loc":{"start":{"line":45,"column":8},"end":{"line":47,"column":9}},"type":"if","locations":[{"start":{"line":45,"column":8},"end":{"line":47,"column":9}},{"start":{"line":45,"column":8},"end":{"line":47,"column":9}}],"line":45},"8":{"loc":{"start":{"line":79,"column":8},"end":{"line":81,"column":9}},"type":"if","locations":[{"start":{"line":79,"column":8},"end":{"line":81,"column":9}},{"start":{"line":79,"column":8},"end":{"line":81,"column":9}}],"line":79},"9":{"loc":{"start":{"line":82,"column":8},"end":{"line":92,"column":9}},"type":"if","locations":[{"start":{"line":82,"column":8},"end":{"line":92,"column":9}},{"start":{"line":82,"column":8},"end":{"line":92,"column":9}}],"line":82},"10":{"loc":{"start":{"line":100,"column":8},"end":{"line":102,"column":9}},"type":"if","locations"
[...]
,"line":3},"2":{"name":"fulfilled","decl":{"start":{"line":4,"column":17},"end":{"line":4,"column":26}},"loc":{"start":{"line":4,"column":34},"end":{"line":4,"column":99}},"line":4},"3":{"name":"rejected","decl":{"start":{"line":5,"column":17},"end":{"line":5,"column":25}},"loc":{"start":{"line":5,"column":33},"end":{"line":5,"column":102}},"line":5},"4":{"name":"step","decl":{"start":{"line":6,"column":17},"end":{"line":6,"column":21}},"loc":{"start":{"line":6,"column":30},"end":{"line":6,"column":151}},"line":6},"5":{"name":"(anonymous_5)","decl":{"start":{"line":6,"column":76},"end":{"line":6,"column":77}},"loc":{"start":{"line":6,"column":95},"end":{"line":6,"column":121}},"line":6},"6":{"name":"(anonymous_6)","decl":{"start":{"line":13,"column":4},"end":{"line":13,"column":5}},"loc":{"start":{"line":13,"column":24},"end":{"line":15,"column":5}},"line":13},"7":{"name":"(anonymous_7)","decl":{"start":{"line":16,"column":4},"end":{"line":16,"column":5}},"loc":{"start":{"line":16,"column":28},"end":{"line":32,"column":5}},"line":16},"8":{"name":"(anonymous_8)","decl":{"start":{"line":17,"column":47},"end":{"line":17,"column":48}},"loc":{"start":{"line":17,"column":60},"end":{"line":31,"column":9}},"line":17},"9":{"name":"(anonymous_9)","decl":{"start":{"line":33,"column":4},"end":{"line":33,"column":5}},"loc":{"start":{"line":33,"column":30},"end":{"line":46,"column":5}},"line":33},"10":{"name":"(anonymous_10)","decl":{"start":{"line":34,"column":47},"end":{"line":34,"column":48}},"loc":{"start":{"line":34,"column":60},"end":{"line":45,"column":9}},"line":34},"11":{"name":"(anonymous_11)","decl":{"start":{"line":47,"column":4},"end":{"line":47,"column":5}},"loc":{"start":{"line":47,"column":57},"end":{"line":61,"column":5}},"line":47},"12":{"name":"(anonymous_12)","decl":{"start":{"line":48,"column":47},"end":{"line":48,"column":48}},"loc":{"start":{"line":48,"column":60},"end":{"line":60,"column":9}},"line":48}},"branchMap":{"0":{"loc":{"start":{"line":2,"column":16},"end":{"line":9,"column":1}},"type":"binary-expr","locations":[{"start":{"line":2,"column":17},"end":{"line":2,"column":21}},{"start":{"line":2,"column":25},"end":{"line":2,"column":39}},{"start":{"line":2,"column":44},"end":{"line":9,"column":1}}],"line":2},"1":{"loc":{"start":{"line":3,"column":16},"end":{"line":3,"column":34}},"type":"binary-expr","locations":[{"start":{"line":3,"column":16},"end":{"line":3,"column":17}},{"start":{"line":3,"column":22},"end":{"line":3,"column":33}}],"line":3},"2":{"loc":{"start":{"line":6,"column":32},"end":{"line":6,"column":148}},"type":"cond-expr","locations":[{"start":{"line":6,"column":46},"end":{"line":6,"column":67}},{"start":{"line":6,"column":70},"end":{"line":6,"column":148}}],"line":6},"3":{"loc":{"start":{"line":7,"column":51},"end":{"line":7,"column":67}},"type":"binary-expr","locations":[{"start":{"line":7,"column":51},"end":{"line":7,"column":61}},{"start":{"line":7,"column":65},"end":{"line":7,"column":67}}],"line":7},"4":{"loc":{"start":{"line":52,"column":43},"end":{"line":52,"column":63}},"type":"cond-expr","locations":[{"start":{"line":52,"column":52},"end":{"line":52,"column":58}},{"start":{"line":52,"column":61},"end":{"line":52,"column":63}}],"line":52}},"s":{"0":1,"1":9,"2":6,"3":6,"4":0,"5":3,"6":3,"7":0,"8":18,"9":9,"10":9,"11":1,"12":1,"13":1,"14":5,"15":5,"16":5,"17":4,"18":1,"19":2,"20":2,"21":2,"22":1,"23":1,"24":2,"25":2,"26":2,"27":1,"28":1,"29":1},"f":{"0":9,"1":9,"2":6,"3":3,"4":18,"5":9,"6":1,"7":5,"8":5,"9":2,"10":2,"11":2,"12":2},"b":{"0":[1,1,1],"1":[9,9],"2":[9,9],"3":[9,9],"4":[0,2]},"_coverageSchema":"d34fc3e6b8297bcde183f5492bcb8fcb36775295","hash":"620a15ff07dc7f558b7e997e5a20c6706e34b7ef","contentHash":"6fb358ebe93ea0dc602f0e7c1ce9b186"},"/Users/chris/hmcts/sscs-cor-frontend/app/server/services/idam.ts":{"path":"/Users/chris/hmcts/sscs-cor-frontend/app/server/services/idam.ts","statementMap":{"0":{"start":{"line":2,"column":16},"end":{"line":9,"column":1}},"1":{"start":{"line":3,"column":4},"end":{"line":8,"column":7}},"2":{"start":{"line":4,"column":36},"end":{"line":4,"column":97}},"3":{"start":{"line":4,"column":42},"end":{"line":4,"column":70}},"4":{"start":{"line":4,"column":85},"end":{"line":4,"column":95}},"5":{"start":{"line":5,"column":35},"end":{"line":5,"column":100}},"6":{"start":{"line":5,"column":41},"end":{"line":5,"column":73}},"7":{"start":{"line":5,"column":88},"end":{"line":5,"column":98}},"8":{"start":{"line":6,"column":32},"end":{"line":6,"column":149}},"9":{"start":{"line":6,"column":97},"end":{"line":6,"column":119}},"10":{"start":{"line":7,"column":8},"end":{"line":7,"column":78}},"11":{"start":{"line":10,"column":0},"end":{"line":10,"column":62}},"12":{"start":{"line":11,"column":16},"end":{"line":11,"column":42}},"13":{"start":{"line":12,"column":20},"end":{"line":12,"column":46}},"14":{"start":{"line":13,"column":14},"end":{"line":13,"column":33}},"15":{"start":{"line":16,"column":8},"end":{"line":16,"column":29}},"16":{"start":{"line":17,"column":8},"end":{"line":17,"column":31}},"17":{"start":{"line":18,"column":8},"end":{"line":18,"column":35}},"18":{"start":{"line":19,"column":8},"end":{"line":19,"column":35}},"19":{"start":{"line":22,"column":8},"end":{"line":47,"column":11}},"20":{"start":{"line":23,"column":12},"end":{"line":46,"column":13}},"21":{"start":{"line":24,"column":36},"end":{"line":24,"column":71}},"22":{"start":{"line":25,"column":29},"end":{"line":40,"column":18}},"23":{"start":{"line":41,"column":16},"end":{"line":41,"column":45}},"24":{"start":{"line":44,"column":16},"end":{"line":44,"column":50}},"25":{"start":{"line":45,"column":16},"end":{"line":45,"column":45}},"26":{"start":{"line":50,"column":8},"end":{"line":68,"column":11}},"27":{"start":{"line":51,"column":12},"end":{"line":67,"column":13}},"28":{"start":{"line":52,"column":16},"end":{"line":61,"column":19}},"29":{"start":{"line":62,"column":16},"end":{"line":62,"column":41}},"30":{"start":{"line":65,"column":16},"end":{"line":65,"column":50}},"31":{"start":{"line":66,"column":16},"end":{"line":66,"column":45}},"32":{"start":{"line":71,"column":8},"end":{"line":87,"column":11}},"33":{"start":{"line":72,"column":12},"end":{"line":86,"column":13}},"34":{"start":{"line":73,"column":29},"end":{"line":80,"column":18}},"35":{"start":{"line":81,"column":16},"end":{"line":81,"column":45}},"36":{"start":{"line":84,"column":16},"end":{"line":84,"column":50}},"37":{"start":{"line":85,"column":16},"end":{"line":85,"column":45}},"38":{"start":{"line":90,"column":27},"end":{"line":90,"column":75}},"39":{"start":{"line":91,"column":8},"end":{"line":91,"column":59}},"40":{"start":{"line":94,"column":8},"end":{"line":94,"column":56}},"41":{"start":{"line":97,"column":8},"end":{"line":97,"column":59}},"42":{"start":{"line":100,"column":0},"end":{"line":100,"column":34}}},"fnMap":{"0":{"name":"(anonymous_0)","decl":{"start":{"line":2,"column":44},"end":{"line":2,"column":45}},"loc":{"start":{"line":2,"column":89},"end":{"line":9,"column":1}},"line":2},"1":{"name":"(anonymous_1)","decl":{"start":{"line":3,"column":36},"end":{"line":3,"column":37}},"loc":{"start":{"line":3,"column":63},"end":{"line":8,"column":5}},"line":3},"2":{"name":"fulfilled","decl":{"start":{"line":4,"column":17},"end":{"line":4,"column":26}},"loc":{"start":{"line":4,"column":34},"end":{"line":4,"column":99}},"line":4},"3":{"name":"rejected","decl":{"start":{"line":5,"column":17},"end":{"line":5,"column":25}},"loc":{"start":{"line":5,"column":33},"end":{"line":5,"column":102}},"line":5},"4":{"name":"step","decl":{"start":{"line":6,"column":17},"end":{"line":6,"column":21}},"loc":{"start":{"line":6,"column":30},"end":{"line":6,"column":151}},"line":6},"5":{"name":"(anonymous_5)","decl":{"start":{"line":6,"column":76},"end":{"line":6,"column":77}},"loc":{"start":{"line":6,"column":95},"end":{"line":6,"column":121}},"line":6},"6":{"name":"(anonymous_6)","decl":{"start":{"line":15,"column":4},"end":{"line":15,"column":5}},"loc":{"start":{"line":15,"column":55},"end":{"line":20,"column":5}},"line":15},"7":{"name":"(anonymous_7)","decl":{"start":{"line":21,"column":4},"end":{"line":21,"column":5}},"loc":{"start":{"line":21,"column":35},"end":{"line":48,"column":5}},"line":21},"8":{"name":"(anonymous_8)","decl":{"start":{"line":22,"column":47},"end":{"line":22,"column":48}},"loc":{"start":{"line":22,"column":60},"end":{"line":47,"column":9}},"line":22},"9":{"name":"(anonymous_9)","decl":{"start":{"line":49,"column":4},"end":{"line":49,"column":5}},"loc":{"start":{"line":49,"column":23},"end":{"line":69,"column":5}},"line":49},"10":{"name":"(anonymous_10)","decl":{"start":{"line":50,"column":47},"end":{"line":50,"column":48}},"loc":{"start":{"line":50,"column":60},"end":{"line":68,"column":9}},"line":50},"11":{"name":"(anonymous_11)","decl":{"start":{"line":70,"column":4},"end":{"line":70,"column":5}},"loc":{"start":{"line":70,"column":26},"end":{"line":88,"column":5}},"line":70},"12":{"name":"(anonymous_12)","decl":{"start":{"line":71,"column":47},"end":{"line":71,"column":48}},"loc":{"start":{"line":71,"column":60},"end":{"line":87,"column":9}},"line":71},"13":{"name":"(anonymous_13)","decl":{"start":{"line":89,"column":4},"end":{"line":89,"column":5}},"loc":{"start":{"line":89,"column":33},"end":{"line":92,"column":5}},"line":89},"14":{"name":"(anonymous_14)","decl":{"start":{"line":93,"column":4},"end":{"line":93,"column":5}},"loc":{"start":{"line":93,"column":35},"end":{"line":95,"column":5}},"line":93},"15":{"name":"(anonymous_15)","decl":{"start":{"line":96,"column":4},"end":{"line":96,"column":5}},"loc":{"start":{"line":96,"column":35},"end":{"line":98,"column":5}},"line":96}},"branchMap":{"0":{"loc":{"start":{"line":2,"column":16},"end":{"line":9,"column":1}},"type":"binary-expr","locations":[{"start":{"line":2,"column":17},"end":{"line":2,"column":21}},{"start":{"line":2,"column":25},"end":{"line":2,"column":39}},{"start":{"line":2,"column":44},"end":{"line":9,"column":1}}],"line":2},"1":{"loc":{"start":{"line":3,"column":16},"end":{"line":3,"column":34}},"type":"binary-expr","locations":[{"start":{"line":3,"column":16},"end":{"line":3,"column":17}},{"start":{"line":3,"column":22},"end":{"line":3,"column":33}}],"line":3},"2":{"loc":{"start":{"line":6,"column":32},"end":{"line":6,"column":148}},"type":"cond-expr","locations":[{"start":{"line":6,"column":46},"end":{"line":6,"column":67}},{"start":{"line":6,"column":70},"end":{"line":6,"column":148}}],"line":6},"3":{"loc":{"start":{"line":7,"column":51},"end":{"line":7,"column":67}},"type":"binary-expr","locations":[{"start":{"line":7,"column":51},"end":{"line":7,"column":61}},{"start":{"line":7,"column":65},"end":{"line":7,"column":67}}],"line":7},"4":{"loc":{"start":{"line":90,"column":27},"end":{"line":90,"column":75}},"type":"cond-expr","locations":[{"start":{"line":90,"column":52},"end":{"line":90,"column":70}},{"start":{"line":90,"column":73},"end":{"line":90,"column":75}}],"line":90}},"s":{"0":1,"1":7,"2":4,"3":4,"4":0,"5":3,"6":3,"7":3,"8":11,"9":7,"10":7,"11":1,"12":1,"13":1,"14":1,"15":1,"16":1,"17":1,"18":1,"19":3,"20":3,"21":3,"22":3,"23":2,"24":1,"25":0,"26":2,"27":2,"28":2,"29":1,"30":1,"31":0,"32":2,"33":2,"34":2,"35":1,"36":1,"37":0,"38":10,"39":10,"40":8,"41":2,"42":1},"f":{"0":7,"1":7,"2":4,"3":3,"4":11,"5":7,"6":1,"7":3,"8":3,"9":2,"10":2,"11":2,"12":2,"13":10,"14":8,"15":2},"b":{"0":[1,1,1],"1":[7,7],"2":[4,7],"3":[7,7],"4":[2,8]},"_coverageSchema":"d34fc3e6b8297bcde183f5492bcb8fcb36775295","hash":"b79dae280326f90201cc7dd261a870af9310ddf0","contentHash":"5f980610b5c84453baba089f86bbad1a"},"/Users/chris/hmcts/sscs-cor-frontend/app/server/services/question.ts":{"path":"/Users/chris/hmcts/sscs-cor-frontend/app/server/services/question.ts","statementMap":{"0":{"start":{"line":2,"column":16},"end":{"line":9,"column":1}},"1":{"start":{"line":3,"column":4},"end":{"line":8,"column":7}},"2":{"start":{"line":4,"column":36},"end":{"line":4,"column":97}},"3":{"start":{"line":4,"column":42},"end":{"line":4,"column":70}},"4":{"start":{"line":4,"column":85},"end":{"line":4,"column":95}},"5":{"start":{"line":5,"column":35},"end":{"line":5,"column":100}},"6":{"start":{"line":5,"column":41},"end":{"line":5,"column":73}},"7":{"start":{"line":5,"column":88},"end":{"line":5,"column":98}},"8":{"start":{"line":6,"column":32},"end":{"line":6,"column":149}},"9":{"start":{"line":6,"column":97},"end":{"line":6,"column":119}},"10":{"start":{"line":7,"column":8},"end":{"line":7,"column":78}},"11":{"start":{"line":10,"column":0},"end":{"line":10,"column":62}},"12":{"start":{"line":11,"column":16},"end":{"line":11,"column":42}},"13":{"start":{"line":14,"column":8},"end":{"line":14,"column":29}},"14":{"start":{"line":17,"column":8},"end":{"line":28,"column":11}},"15":{"start":{"line":18,"column":12},"end":{"line":27,"column":13}},"16":{"start":{"line":19,"column":29},"end":{"line":22,"column":18}},"17":{"start":{"line":23,"column":16},"end":{"line":23,"column":45}},"18":{"start":{"line":26,"column":16},"end":{"line":26,"column":45}},"19":{"start":{"line":31,"column":8},"end":{"line":42,"column":11}},"20":{"start":{"line":32,"column":12},"end":{"line":41,"column":13}},"21":{"start":{"line":33,"column":29},"end":{"line":36,"column":18}},"22":{"start":{"line":37,"column":16},"end":{"line":37,"column":45}},"23":{"start":{"line":40,"column":16},"end":{"line":40,"column":45}},"24":{"start":{"line":45,"column":26},"end":{"line":45,"column":47}},"25":{"start":{"line":46,"column":8},"end":{"line":48,"column":9}},"26":{"start":{"line":47,"column":12},"end":{"line":47,"column":29}},"27":{"start":{"line":49,"column":32},"end":{"line":49,"column":72}},"28":{"start":{"line":50,"column":22},"end":{"line":50,"column":41}},"29":{"start":{"line":51,"column":32},"end":{"line":51,"column":48}},"30":{"start":{"line":52,"column":8},"end":{"line":54,"column":9}},"31":{"start":{"line":53,"column":12},"end":{"line":53,"column":29}},"32":{"start":{"line":55,"column":8},"end":{"line":55,"column":43}},"33":{"start":{"line":58,"column":8},"end":{"line":58,"column":96}},"34":{"start":{"line":61,"column":8},"end":{"line":76,"column":11}},"35":{"start":{"line":62,"column":12},"end":{"line":75,"column":13}},"36":{"start":{"line":63,"column":29},"end":{"line":70,"column":18}},"37":{"start":{"line":71,"column":16},"end":{"line":71,"column":45}},"38":{"start":{"line":74,"column":16},"end":{"line":74,"column":45}},"39":{"start":{"line":79,"column":8},"end":{"line":93,"column":11}},"40":{"start":{"line":80,"column":12},"end":{"line":92,"column":13}},"41":{"start":{"line":81,"column":29},"end":{"line":87,"column":18}},"42":{"start":{"line":88,"column":16},"end":{"line":88,"column":45}},"43":{"start":{"line":91,"column":16},"end":{"line":91,"column":45}},"44":{"start":{"line":96,"column":0},"end":{"line":96,"column":42}}},"fnMap":{"0":{"name":"(anonymous_0)","decl":{"start":{"line":2,"column":44},"end":{"line":2,"column":45}},"loc":{"start":{"line":2,"column":89},"end":{"line":9,"column":1}},"line":2},"1":{"name":"(anonymous_1)","decl":{"start":{"line":3,"column":36},"end":{"line":3,"column":37}},"loc":{"start":{"line":3,"column":63},"end":{"line":8,"column":5}},"line":3},"2":{"name":"fulfilled","decl":{"start":{"line":4,"column":17},"end":{"line":4,"column":26}},"loc":{"start":{"line":4,"column":34},"end":{"line":4,"column":99}},"line":4},"3":{"name":"rejected","decl":{"start":{"line":5,"column":17},"end":{"line":5,"column":25}},"loc":{"start":{"line":5,"column":33},"end":{"line":5,"column":102}},"line":5},"4":{"name":"step","decl":{"start":{"line":6,"column":17},"end":{"line":6,"column":21}},"loc":{"start":{"line":6,"column":30},"end":{"line":6,"column":151}},"line":6},"5":{"name":"(anonymous_5)","decl":{"start":{"line":6,"column":76},"end":{"line":6,"column":77}},"loc":{"start":{"line":6,"column":95},"end":{"line":6,"column":121}},"line":6},"6":{"name":"(anonymous_6)","decl":{"start":{"line":13,"column":4},"end":{"line":13,"column":5}},"loc":{"start":{"line":13,"column":24},"end":{"line":15,"column":5}},"line":13},"7":{"name":"(anonymous_7)","decl":{"start":{"line":16,"column":4},"end":{"line":16,"column":5}},"loc":{"start":{"line":16,"column":31},"end":{"line":29,"column":5}},"line":16},"8":{"name":"(anonymous_8)","decl":{"start":{"line":17,"column":47},"end":{"line":17,"column":48}},"loc":{"start":{"line":17,"column":60},"end":{"line":28,"column":9}},"line":17},"9":{"name":"(anonymous_9)","decl":{"start":{"line":30,"column":4},"end":{"line":30,"column":5}},"loc":{"start":{"line":30,"column":39},"end":{"line":43,"column":5}},"line":30},"10":{"name":"(anonymous_10)","decl":{"start":{"line":31,"column":47},"end":{"line":31,"column":48}},"loc":{"start":{"line":31,"column":60},"end":{"line":42,"column":9}},"line":31},"11":{"name":"(anonymous_11)","decl":{"start":{"line":44,"column":4},"end":{"line":44,"column":5}},"loc":{"start":{"line":44,"column":34},"end":{"line":56,"column":5}},"line":44},"12":{"name":"(anonymous_12)","decl":{"start":{"line":57,"column":4},"end":{"line":57,"column":5}},"loc":{"start":{"line":57,"column":42},"end":{"line":59,"column":5}},"line":57},"13":{"name":"(anonymous_13)","decl":{"start":{"line":60,"column":4},"end":{"line":60,"column":5}},"loc":{"start":{"line":60,"column":63},"end":{"line":77,"column":5}},"line":60},"14":{"name":"(anonymous_14)","decl":{"start":{"line":61,"column":47},"end":{"line":61,"column":48}},"loc":{"start":{"line":61,"column":60},"end":{"line":76,"column":9}},"line":61},"15":{"name":"(anonymous_15)","decl":{"start":{"line":78,"column":4},"end":{"line":78,"column":5}},"loc":{"start":{"line":78,"column":40},"end":{"line":94,"column":5}},"line":78},"16":{"name":"(anonymous_16)","decl":{"start":{"line":79,"column":47},"end":{"line":79,"column":48}},"loc":{"start":{"line":79,"column":60},"end":{"line":93,"column":9}},"line":79}},"branchMap":{"0":{"loc":{"start":{"line":2,"column":16},"end":{"line":9,"column":1}},"type":"binary-expr","locations":[{"start":{"line":2,"column":17},"end":{"line":2,"column":21}},{"start":{"line":2,"column":25},"end":{"line":2,"column":39}},{"start":{"line":2,"column":44},"end":{"line":9,"column":1}}],"line":2},"1":{"loc":{"start":{"line":3,"column":16},"end":{"line":3,"column":34}},"type":"binary-expr","locations":[{"start":{"line":3,"column":16},"end":{"line":3,"column":17}},{"start":{"line":3,"column":22},"end":{"line":3,"column":33}}],"line":3},"2":{"loc":{"start":{"line":6,"column":32},"end":{"line":6,"column":148}},"type":"cond-expr","locations":[{"start":{"line":6,"column":46},"end":{"line":6,"column":67}},{"start":{"line":6,"column":70},"end":{"line":6,"column":148}}],"line":6},"3":{"loc":{"start":{"line":7,"column":51},"end":{"line":7,"column":67}},"type":"binary-expr","locations":[{"start":{"line":7,"column":51},"end":{"line":7,"column":61}},{"start":{"line":7,"column":65},"end":{"line":7,"column":67}}],"line":7},"4":{"loc":{"start":{"line":46,"column":8},"end":{"line":48,"column":9}},"type":"if","locations":[{"start":{"line":46,"column":8},"end":{"line":48,"column":9}},{"start":{"line":46,"column":8},"end":{"line":48,"column":9}}],"line":46},"5":{"loc":{"start":{"line":52,"column":8},"end":{"line":54,"column":9}},"type":"if","locations":[{"start":{"line":52,"column":8},"end":{"line":54,"column":9}},{"start":{"line":52,"column":8},"end":{"line":54,"column":9}}],"line":52}},"s":{"0":1,"1":10,"2":6,"3":6,"4":0,"5":4,"6":4,"7":0,"8":20,"9":10,"10":10,"11":1,"12":1,"13":1,"14":3,"15":3,"16":3,"17":2,"18":1,"19":3,"20":3,"21":3,"22":2,"23":1,"24":4,"25":4,"26":1,"27":3,"28":3,"29":3,"30":3,"31":1,"32":2,"33":4,"34":2,"35":2,"36":2,"37":1,"38":1,"39":2,"40":2,"41":2,"42":1,"43":1,"44":1},"f":{"0":10,"1":10,"2":6,"3":4,"4":20,"5":10,"6":1,"7":3,"8":3,"9":3,"10":3,"11":4,"12":4,"13":2,"14":2,"15":2,"16":2},"b":{"0":[1,1,1],"1":[10,10],"2":[10,10],"3":[10,10],"4":[1,3],"5":[1,2]},"_coverageSchema":"d34fc3e6b8297bcde183f5492bcb8fcb36775295","hash":"6e15fb409360271747e41aaba1ea826aab4b78c3","contentHash":"3d8bab9c550163a0e84132bf7c1b7340"}}